Added Component: Designator=P2(TYPE-C-TOP)
Add component. Clean all parameters for all variants
Added Component: Designator=U2(QFN50P500X500X100-32N)
Add component. Clean all parameters for all variants
Added Pin To Net: NetName=NetC4_2 Pin=P2-1
Added Pin To Net: NetName=NetC4_2 Pin=P2-2
Added Pin To Net: NetName=NetC4_2 Pin=P2-3
Added Pin To Net: NetName=NetC4_2 Pin=P2-4
Added Pin To Net: NetName=GND Pin=P2-A1
Added Pin To Net: NetName=NetF1_2 Pin=P2-A4
Added Pin To Net: NetName=USB_P Pin=P2-A6
Added Pin To Net: NetName=USB_N Pin=P2-A7
Added Pin To Net: NetName=NetF1_2 Pin=P2-A9
Added Pin To Net: NetName=GND Pin=P2-A12
Added Pin To Net: NetName=GND Pin=P2-B1
Added Pin To Net: NetName=NetF1_2 Pin=P2-B4
Added Pin To Net: NetName=USB_P Pin=P2-B6
Added Pin To Net: NetName=USB_N Pin=P2-B7
Added Pin To Net: NetName=NetF1_2 Pin=P2-B9
Added Pin To Net: NetName=GND Pin=P2-B12
Added Pin To Net: NetName=GND Pin=U2-0
Added Pin To Net: NetName=GND Pin=U2-1
Added Pin To Net: NetName=GND Pin=U2-2
Added Pin To Net: NetName=5V Pin=U2-4
Added Pin To Net: NetName=3.3V Pin=U2-6
Added Pin To Net: NetName=USB_P Pin=U2-7
Added Pin To Net: NetName=USB_N Pin=U2-8
Added Pin To Net: NetName=NetC3_1 Pin=U2-9
Added Pin To Net: NetName=USB_NXT Pin=U2-11
Added Pin To Net: NetName=USB_DIR Pin=U2-12
Added Pin To Net: NetName=USB_STP Pin=U2-13
Added Pin To Net: NetName=USB_CLK Pin=U2-14
Added Pin To Net: NetName=NetC12_2 Pin=U2-15
Added Pin To Net: NetName=3.3V Pin=U2-16
Added Pin To Net: NetName=USB_DATA7 Pin=U2-17
Added Pin To Net: NetName=USB_DATA6 Pin=U2-18
Added Pin To Net: NetName=USB_DATA5 Pin=U2-19
Added Pin To Net: NetName=USB_DATA4 Pin=U2-20
Added Pin To Net: NetName=USB_DATA3 Pin=U2-21
Added Pin To Net: NetName=USB_DATA2 Pin=U2-22
Added Pin To Net: NetName=USB_DATA1 Pin=U2-23
Added Pin To Net: NetName=USB_DATA0 Pin=U2-24
Added Pin To Net: NetName=3.3V Pin=U2-25
Added Pin To Net: NetName=NetC13_2 Pin=U2-26
Added Pin To Net: NetName=NetC15_2 Pin=U2-27
Added Pin To Net: NetName=NetC11_2 Pin=U2-28
Added Pin To Net: NetName=NetC14_2 Pin=U2-29
Added Pin To Net: NetName=3.3V Pin=U2-30
Added Pin To Net: NetName=3.3V Pin=U2-31
Added Pin To Net: NetName=NetR20_2 Pin=U2-32
