Added Component: Designator=Buzzer1(BUZZER_8530)
Add component. Clean all parameters for all variants
Added Component: Designator=C1(0402_C)
Add component. Clean all parameters for all variants
Added Component: Designator=C2(0402_C)
Add component. Clean all parameters for all variants
Added Component: Designator=C3(0402_C)
Add component. Clean all parameters for all variants
Added Component: Designator=C4(1206_C)
Add component. Clean all parameters for all variants
Added Component: Designator=C5(0402_C)
Add component. Clean all parameters for all variants
Added Component: Designator=C6(0402_C)
Add component. Clean all parameters for all variants
Added Component: Designator=C7(0402_C)
Add component. Clean all parameters for all variants
Added Component: Designator=C8(0402_C)
Add component. Clean all parameters for all variants
Added Component: Designator=C9(0402_C)
Add component. Clean all parameters for all variants
Added Component: Designator=C10(0402_C)
Add component. Clean all parameters for all variants
Added Component: Designator=C11(0402_C)
Add component. Clean all parameters for all variants
Added Component: Designator=C12(0402_C)
Add component. Clean all parameters for all variants
Added Component: Designator=C13(0402_C)
Add component. Clean all parameters for all variants
Added Component: Designator=C14(0402_C)
Add component. Clean all parameters for all variants
Added Component: Designator=C15(0402_C)
Add component. Clean all parameters for all variants
Added Component: Designator=C16(0402_C)
Add component. Clean all parameters for all variants
Added Component: Designator=C17(0402_C)
Add component. Clean all parameters for all variants
Added Component: Designator=C18(0402_C)
Add component. Clean all parameters for all variants
Added Component: Designator=C19(0603_C)
Add component. Clean all parameters for all variants
Added Component: Designator=C20(0402_C)
Add component. Clean all parameters for all variants
Added Component: Designator=C21(0402_C)
Add component. Clean all parameters for all variants
Added Component: Designator=C22(0402_C)
Add component. Clean all parameters for all variants
Added Component: Designator=C23(0402_C)
Add component. Clean all parameters for all variants
Added Component: Designator=C24(0402_C)
Add component. Clean all parameters for all variants
Added Component: Designator=C25(0402_C)
Add component. Clean all parameters for all variants
Added Component: Designator=C26(0402_C)
Add component. Clean all parameters for all variants
Added Component: Designator=C27(0402_C)
Add component. Clean all parameters for all variants
Added Component: Designator=C28(0402_C)
Add component. Clean all parameters for all variants
Added Component: Designator=C29(0402_C)
Add component. Clean all parameters for all variants
Added Component: Designator=C30(0402_C)
Add component. Clean all parameters for all variants
Added Component: Designator=C31(0402_C)
Add component. Clean all parameters for all variants
Added Component: Designator=C32(0402_C)
Add component. Clean all parameters for all variants
Added Component: Designator=C33(0402_C)
Add component. Clean all parameters for all variants
Added Component: Designator=C34(0402_C)
Add component. Clean all parameters for all variants
Added Component: Designator=C35(0402_C)
Add component. Clean all parameters for all variants
Added Component: Designator=C36(0402_C)
Add component. Clean all parameters for all variants
Added Component: Designator=C37(0402_C)
Add component. Clean all parameters for all variants
Added Component: Designator=C38(0402_C)
Add component. Clean all parameters for all variants
Added Component: Designator=C39(0402_C)
Add component. Clean all parameters for all variants
Added Component: Designator=C40(0402_C)
Add component. Clean all parameters for all variants
Added Component: Designator=C41(0402_C)
Add component. Clean all parameters for all variants
Added Component: Designator=C42(0402_C)
Add component. Clean all parameters for all variants
Added Component: Designator=C43(0402_C)
Add component. Clean all parameters for all variants
Added Component: Designator=C44(0402_C)
Add component. Clean all parameters for all variants
Added Component: Designator=C45(0402_C)
Add component. Clean all parameters for all variants
Added Component: Designator=C46(0402_C)
Add component. Clean all parameters for all variants
Added Component: Designator=C47(0402_C)
Add component. Clean all parameters for all variants
Added Component: Designator=C48(0402_C)
Add component. Clean all parameters for all variants
Added Component: Designator=C49(0402_C)
Add component. Clean all parameters for all variants
Added Component: Designator=C50(0402_C)
Add component. Clean all parameters for all variants
Added Component: Designator=C51(0402_C)
Add component. Clean all parameters for all variants
Added Component: Designator=C52(0402_C)
Add component. Clean all parameters for all variants
Added Component: Designator=C53(0402_C)
Add component. Clean all parameters for all variants
Added Component: Designator=C54(0402_C)
Add component. Clean all parameters for all variants
Added Component: Designator=C55(0402_C)
Add component. Clean all parameters for all variants
Added Component: Designator=C56(0402_C)
Add component. Clean all parameters for all variants
Added Component: Designator=C57(0805_C)
Add component. Clean all parameters for all variants
Added Component: Designator=C58(0402_C)
Add component. Clean all parameters for all variants
Added Component: Designator=C59(0402_C)
Add component. Clean all parameters for all variants
Added Component: Designator=C60(0402_C)
Add component. Clean all parameters for all variants
Added Component: Designator=C61(0402_C)
Add component. Clean all parameters for all variants
Added Component: Designator=D1(SMB)
Add component. Clean all parameters for all variants
Added Component: Designator=D2(SOD323)
Add component. Clean all parameters for all variants
Added Component: Designator=D3(SOD323)
Add component. Clean all parameters for all variants
Added Component: Designator=D4(SOD323)
Add component. Clean all parameters for all variants
Added Component: Designator=D5(SOD323)
Add component. Clean all parameters for all variants
Added Component: Designator=D6(SOD323)
Add component. Clean all parameters for all variants
Added Component: Designator=D7(SOD323)
Add component. Clean all parameters for all variants
Added Component: Designator=D8(SOD323)
Add component. Clean all parameters for all variants
Added Component: Designator=D9(SOD323)
Add component. Clean all parameters for all variants
Added Component: Designator=D10(SOD323)
Add component. Clean all parameters for all variants
Added Component: Designator=D11(SOD323)
Add component. Clean all parameters for all variants
Added Component: Designator=D12(SOD323)
Add component. Clean all parameters for all variants
Added Component: Designator=D13(SOD323)
Add component. Clean all parameters for all variants
Added Component: Designator=D14(SOD323)
Add component. Clean all parameters for all variants
Added Component: Designator=D15(SOD323)
Add component. Clean all parameters for all variants
Added Component: Designator=D16(SOD323)
Add component. Clean all parameters for all variants
Added Component: Designator=D17(SOD323)
Add component. Clean all parameters for all variants
Added Component: Designator=D18(SOD-123FL)
Add component. Clean all parameters for all variants
Add component (AddParameter): Name = "ComponentLink1Description"; Value = "供应商链接"; VariantName = "[No Variations]"
Add component (AddParameter): Name = "ComponentLink1URL"; Value = "http://www.szlcsc.com/product/details_2841.html"; VariantName = "[No Variations]"
Add component (AddParameter): Name = "Package"; Value = "SMA(DO-214AC)"; VariantName = "[No Variations]"
Add component (AddParameter): Name = "Supplier"; Value = "LC"; VariantName = "[No Variations]"
Add component (AddParameter): Name = "SuppliersPartNumber"; Value = "C95872"; VariantName = "[No Variations]"
Add component (AddParameter): Name = "备注"; Value = "1N4007 4007 编号C2464 已经停售, 使用新物料编号C95872"; VariantName = "[No Variations]"
Added Component: Designator=D19(SMB)
Add component. Clean all parameters for all variants
Added Component: Designator=D20(0603_L)
Add component. Clean all parameters for all variants
Added Component: Designator=E1(IPEX)
Add component. Clean all parameters for all variants
Add component (AddParameter): Name = "LatestRevisionDate"; Value = "17-Jul-2002"; VariantName = "[No Variations]"
Add component (AddParameter): Name = "LatestRevisionNote"; Value = "Re-released for DXP Platform."; VariantName = "[No Variations]"
Add component (AddParameter): Name = "PackageReference"; Value = "PIN1"; VariantName = "[No Variations]"
Add component (AddParameter): Name = "Published"; Value = "24-Mar-1999"; VariantName = "[No Variations]"
Add component (AddParameter): Name = "Publisher"; Value = "Altium Limited"; VariantName = "[No Variations]"
Added Component: Designator=F1(0805_R)
Add component. Clean all parameters for all variants
Added Component: Designator=H1(HOLD)
Add component. Clean all parameters for all variants
Added Component: Designator=H2(testpoint)
Add component. Clean all parameters for all variants
Added Component: Designator=H3(testpoint)
Add component. Clean all parameters for all variants
Added Component: Designator=H4(HOLD)
Add component. Clean all parameters for all variants
Added Component: Designator=H5(testpoint)
Add component. Clean all parameters for all variants
Added Component: Designator=H6(testpoint)
Add component. Clean all parameters for all variants
Added Component: Designator=L1(0603_L)
Add component. Clean all parameters for all variants
Added Component: Designator=L2(0603_L)
Add component. Clean all parameters for all variants
Added Component: Designator=L3(0402_L)
Add component. Clean all parameters for all variants
Added Component: Designator=L4(0402_L)
Add component. Clean all parameters for all variants
Added Component: Designator=L5(0402_L)
Add component. Clean all parameters for all variants
Added Component: Designator=L6(0402_L)
Add component. Clean all parameters for all variants
Added Component: Designator=NRF24L01(QFN-20_4x4x05P)
Add component. Clean all parameters for all variants
Added Component: Designator=P1(MINIPCIE)
Add component. Clean all parameters for all variants
Added Component: Designator=P2(TYPE-C-TOP)
Add component. Clean all parameters for all variants
Added Component: Designator=R1(0402_R)
Add component. Clean all parameters for all variants
Added Component: Designator=R2(0402_R)
Add component. Clean all parameters for all variants
Added Component: Designator=R3(0402_R)
Add component. Clean all parameters for all variants
Added Component: Designator=R4(0402_R)
Add component. Clean all parameters for all variants
Added Component: Designator=R5(0402_R)
Add component. Clean all parameters for all variants
Added Component: Designator=R6(0402_R)
Add component. Clean all parameters for all variants
Added Component: Designator=R7(0402_R)
Add component. Clean all parameters for all variants
Added Component: Designator=R8(0402_R)
Add component. Clean all parameters for all variants
Added Component: Designator=R9(0402_R)
Add component. Clean all parameters for all variants
Added Component: Designator=R10(0402_R)
Add component. Clean all parameters for all variants
Added Component: Designator=R11(0402_R)
Add component. Clean all parameters for all variants
Added Component: Designator=R12(0402_R)
Add component. Clean all parameters for all variants
Added Component: Designator=R13(0402_R)
Add component. Clean all parameters for all variants
Added Component: Designator=R14(0402_R)
Add component. Clean all parameters for all variants
Added Component: Designator=R15(0402_R)
Add component. Clean all parameters for all variants
Added Component: Designator=R16(0402_R)
Add component. Clean all parameters for all variants
Added Component: Designator=R17(0402_R)
Add component. Clean all parameters for all variants
Added Component: Designator=R18(0402_R)
Add component. Clean all parameters for all variants
Added Component: Designator=R19(0402_R)
Add component. Clean all parameters for all variants
Added Component: Designator=R20(0402_R)
Add component. Clean all parameters for all variants
Added Component: Designator=R21(0402_R)
Add component. Clean all parameters for all variants
Added Component: Designator=R22(0402_R)
Add component. Clean all parameters for all variants
Added Component: Designator=R23(0402_R)
Add component. Clean all parameters for all variants
Added Component: Designator=R24(0402_R)
Add component. Clean all parameters for all variants
Added Component: Designator=R25(0402_R)
Add component. Clean all parameters for all variants
Added Component: Designator=R26(0402_R)
Add component. Clean all parameters for all variants
Added Component: Designator=R27(0402_R)
Add component. Clean all parameters for all variants
Added Component: Designator=R28(0402_R)
Add component. Clean all parameters for all variants
Added Component: Designator=R29(0402_R)
Add component. Clean all parameters for all variants
Added Component: Designator=R30(0402_R)
Add component. Clean all parameters for all variants
Added Component: Designator=R31(0402_R)
Add component. Clean all parameters for all variants
Added Component: Designator=R32(0402_R)
Add component. Clean all parameters for all variants
Added Component: Designator=T1(SOT-23(SOT-23-3))
Add component. Clean all parameters for all variants
Added Component: Designator=U1(TQFP-100)
Add component. Clean all parameters for all variants
Add component (AddParameter): Name = "16-bit Timers (IC/OC/PWM)"; Value = "12x16-bit(24/24/30)"; VariantName = "[No Variations]"
Add component (AddParameter): Name = "32-bit Timer (IC/OC/PWM)"; Value = "2x32-bit (8/8/8)"; VariantName = "[No Variations]"
Add component (AddParameter): Name = "A/D Converter"; Value = "16x12-bit"; VariantName = "[No Variations]"
Add component (AddParameter): Name = "ComponentLink1Description"; Value = "Manufacturer URL"; VariantName = "[No Variations]"
Add component (AddParameter): Name = "ComponentLink1URL"; Value = "http://www.st.com/"; VariantName = "[No Variations]"
Add component (AddParameter): Name = "ComponentLink2Description"; Value = "STM32F405/7 Datasheet"; VariantName = "[No Variations]"
Add component (AddParameter): Name = "ComponentLink2URL"; Value = "http://www.st.com/internet/com/TECHNICAL_RESOURCES/TECHNICAL_LITERATURE/DATASHEET/DM00037051.pdf"; VariantName = "[No Variations]"
Add component (AddParameter): Name = "ComponentLink3Description"; Value = "STM32F4 Web Page"; VariantName = "[No Variations]"
Add component (AddParameter): Name = "ComponentLink3URL"; Value = "http://www.st.com/internet/mcu/subclass/1521.jsp"; VariantName = "[No Variations]"
Add component (AddParameter): Name = "D/A Converter"; Value = "2x12-bit"; VariantName = "[No Variations]"
Add component (AddParameter): Name = "DatasheetVersion"; Value = "rev2, Jan-2012"; VariantName = "[No Variations]"
Add component (AddParameter): Name = "Internal RAM"; Value = "192kB"; VariantName = "[No Variations]"
Add component (AddParameter): Name = "Operating Frequency (Processor Speed)"; Value = "168MHz"; VariantName = "[No Variations]"
Add component (AddParameter): Name = "Other Timer Functions"; Value = "2xWDG, RTC, 24-bit down counter"; VariantName = "[No Variations]"
Add component (AddParameter): Name = "PackageDescription"; Value = "100-Pin Low Profile Quad Flat Package, 14x14 mm Body, 0.5 mm Pitch"; VariantName = "[No Variations]"
Add component (AddParameter): Name = "PackageReference"; Value = "LQFP100"; VariantName = "[No Variations]"
Add component (AddParameter): Name = "PackageVersion"; Value = "2012"; VariantName = "[No Variations]"
Add component (AddParameter): Name = "Serial Interface"; Value = "3xSPI/2xI2S/2xI2C/3xUSART(IrDa, ISO7816)/3xUART/2xUSB OTG FS/HS, 2xCAN/Ethernet MAC10/100, SDIO"; VariantName = "[No Variations]"
Added Component: Designator=U2(QFN50P500X500X100-32N)
Add component. Clean all parameters for all variants
Added Component: Designator=U3(RFX2401C)
Add component. Clean all parameters for all variants
Added Component: Designator=U5(SOT-23-5)
Add component. Clean all parameters for all variants
Added Component: Designator=U6(SOT-23(SOT-23-3))
Add component. Clean all parameters for all variants
Added Component: Designator=U7(SOIC-8_150mil)
Add component. Clean all parameters for all variants
Added Component: Designator=U8(SOIC-16_150mil)
Add component. Clean all parameters for all variants
Added Component: Designator=U9(SOT-23-5)
Add component. Clean all parameters for all variants
Added Component: Designator=XT1(CRYSTAL-SMD-5032)
Add component. Clean all parameters for all variants
Added Component: Designator=XT2(CRYSTAL-SMD-5032)
Add component. Clean all parameters for all variants
Added Component: Designator=XT3(OSC 3225-4P)
Add component. Clean all parameters for all variants
Added Pin To Net: NetName=3.3VA Pin=C9-1
Added Pin To Net: NetName=3.3VA Pin=C10-1
Added Pin To Net: NetName=3.3VA Pin=L2-1
Added Pin To Net: NetName=3.3VA Pin=U1-22
Added Net: Name=3.3VA
Added Pin To Net: NetName=3.3VPA Pin=C19-2
Added Pin To Net: NetName=3.3VPA Pin=C20-2
Added Pin To Net: NetName=3.3VPA Pin=C21-2
Added Pin To Net: NetName=3.3VPA Pin=C22-2
Added Pin To Net: NetName=3.3VPA Pin=C23-2
Added Pin To Net: NetName=3.3VPA Pin=R22-1
Added Pin To Net: NetName=3.3VPA Pin=U3-14
Added Pin To Net: NetName=3.3VPA Pin=U3-16
Added Net: Name=3.3VPA
Added Pin To Net: NetName=3.3VREF Pin=C52-2
Added Pin To Net: NetName=3.3VREF Pin=U1-21
Added Pin To Net: NetName=3.3VREF Pin=U6-2
Added Net: Name=3.3VREF
Added Pin To Net: NetName=3.3VRF Pin=C34-2
Added Pin To Net: NetName=3.3VRF Pin=C35-2
Added Pin To Net: NetName=3.3VRF Pin=C57-2
Added Pin To Net: NetName=3.3VRF Pin=NRF24L01-7
Added Pin To Net: NetName=3.3VRF Pin=NRF24L01-15
Added Pin To Net: NetName=3.3VRF Pin=NRF24L01-18
Added Pin To Net: NetName=3.3VRF Pin=R22-2
Added Pin To Net: NetName=3.3VRF Pin=U9-5
Added Net: Name=3.3VRF
Added Pin To Net: NetName=3.3V Pin=Buzzer1-1
Added Pin To Net: NetName=3.3V Pin=C3-2
Added Pin To Net: NetName=3.3V Pin=C5-2
Added Pin To Net: NetName=3.3V Pin=C6-2
Added Pin To Net: NetName=3.3V Pin=C7-2
Added Pin To Net: NetName=3.3V Pin=C8-2
Added Pin To Net: NetName=3.3V Pin=C24-2
Added Pin To Net: NetName=3.3V Pin=C25-2
Added Pin To Net: NetName=3.3V Pin=C26-2
Added Pin To Net: NetName=3.3V Pin=C27-2
Added Pin To Net: NetName=3.3V Pin=C28-2
Added Pin To Net: NetName=3.3V Pin=C29-2
Added Pin To Net: NetName=3.3V Pin=C30-2
Added Pin To Net: NetName=3.3V Pin=C31-2
Added Pin To Net: NetName=3.3V Pin=C32-2
Added Pin To Net: NetName=3.3V Pin=C33-2
Added Pin To Net: NetName=3.3V Pin=C36-2
Added Pin To Net: NetName=3.3V Pin=C46-2
Added Pin To Net: NetName=3.3V Pin=C47-2
Added Pin To Net: NetName=3.3V Pin=C54-1
Added Pin To Net: NetName=3.3V Pin=D18-2
Added Pin To Net: NetName=3.3V Pin=D19-2
Added Pin To Net: NetName=3.3V Pin=H2-1
Added Pin To Net: NetName=3.3V Pin=L2-2
Added Pin To Net: NetName=3.3V Pin=P1-3
Added Pin To Net: NetName=3.3V Pin=P1-4
Added Pin To Net: NetName=3.3V Pin=P1-51
Added Pin To Net: NetName=3.3V Pin=R26-1
Added Pin To Net: NetName=3.3V Pin=R30-2
Added Pin To Net: NetName=3.3V Pin=U1-6
Added Pin To Net: NetName=3.3V Pin=U1-11
Added Pin To Net: NetName=3.3V Pin=U1-19
Added Pin To Net: NetName=3.3V Pin=U1-28
Added Pin To Net: NetName=3.3V Pin=U1-50
Added Pin To Net: NetName=3.3V Pin=U1-75
Added Pin To Net: NetName=3.3V Pin=U1-100
Added Pin To Net: NetName=3.3V Pin=U2-6
Added Pin To Net: NetName=3.3V Pin=U2-16
Added Pin To Net: NetName=3.3V Pin=U2-25
Added Pin To Net: NetName=3.3V Pin=U2-30
Added Pin To Net: NetName=3.3V Pin=U2-31
Added Pin To Net: NetName=3.3V Pin=U5-5
Added Pin To Net: NetName=3.3V Pin=U7-3
Added Net: Name=3.3V
Added Pin To Net: NetName=5V Pin=C1-1
Added Pin To Net: NetName=5V Pin=C2-1
Added Pin To Net: NetName=5V Pin=C48-2
Added Pin To Net: NetName=5V Pin=C49-2
Added Pin To Net: NetName=5V Pin=C53-2
Added Pin To Net: NetName=5V Pin=D1-2
Added Pin To Net: NetName=5V Pin=D20-2
Added Pin To Net: NetName=5V Pin=L1-1
Added Pin To Net: NetName=5V Pin=P1-1
Added Pin To Net: NetName=5V Pin=P1-2
Added Pin To Net: NetName=5V Pin=U2-4
Added Pin To Net: NetName=5V Pin=U5-1
Added Pin To Net: NetName=5V Pin=U5-3
Added Pin To Net: NetName=5V Pin=U6-1
Added Pin To Net: NetName=5V Pin=U9-1
Added Pin To Net: NetName=5V Pin=U9-3
Added Net: Name=5V
Added Pin To Net: NetName=232RX Pin=P1-13
Added Pin To Net: NetName=232RX Pin=U8-13
Added Net: Name=232RX
Added Pin To Net: NetName=232TX Pin=P1-15
Added Pin To Net: NetName=232TX Pin=U8-14
Added Net: Name=232TX
Added Pin To Net: NetName=GND Pin=C1-2
Added Pin To Net: NetName=GND Pin=C2-2
Added Pin To Net: NetName=GND Pin=C4-1
Added Pin To Net: NetName=GND Pin=C5-1
Added Pin To Net: NetName=GND Pin=C6-1
Added Pin To Net: NetName=GND Pin=C7-1
Added Pin To Net: NetName=GND Pin=C8-1
Added Pin To Net: NetName=GND Pin=C9-2
Added Pin To Net: NetName=GND Pin=C10-2
Added Pin To Net: NetName=GND Pin=C11-1
Added Pin To Net: NetName=GND Pin=C12-1
Added Pin To Net: NetName=GND Pin=C13-1
Added Pin To Net: NetName=GND Pin=C14-1
Added Pin To Net: NetName=GND Pin=C15-1
Added Pin To Net: NetName=GND Pin=C16-1
Added Pin To Net: NetName=GND Pin=C17-1
Added Pin To Net: NetName=GND Pin=C18-2
Added Pin To Net: NetName=GND Pin=C19-1
Added Pin To Net: NetName=GND Pin=C20-1
Added Pin To Net: NetName=GND Pin=C21-1
Added Pin To Net: NetName=GND Pin=C22-1
Added Pin To Net: NetName=GND Pin=C23-1
Added Pin To Net: NetName=GND Pin=C24-1
Added Pin To Net: NetName=GND Pin=C25-1
Added Pin To Net: NetName=GND Pin=C26-1
Added Pin To Net: NetName=GND Pin=C27-1
Added Pin To Net: NetName=GND Pin=C28-1
Added Pin To Net: NetName=GND Pin=C29-1
Added Pin To Net: NetName=GND Pin=C30-1
Added Pin To Net: NetName=GND Pin=C31-1
Added Pin To Net: NetName=GND Pin=C32-1
Added Pin To Net: NetName=GND Pin=C33-1
Added Pin To Net: NetName=GND Pin=C34-1
Added Pin To Net: NetName=GND Pin=C35-1
Added Pin To Net: NetName=GND Pin=C36-1
Added Pin To Net: NetName=GND Pin=C37-1
Added Pin To Net: NetName=GND Pin=C38-1
Added Pin To Net: NetName=GND Pin=C40-1
Added Pin To Net: NetName=GND Pin=C41-1
Added Pin To Net: NetName=GND Pin=C42-1
Added Pin To Net: NetName=GND Pin=C43-1
Added Pin To Net: NetName=GND Pin=C44-1
Added Pin To Net: NetName=GND Pin=C45-1
Added Pin To Net: NetName=GND Pin=C46-1
Added Pin To Net: NetName=GND Pin=C47-1
Added Pin To Net: NetName=GND Pin=C48-1
Added Pin To Net: NetName=GND Pin=C49-1
Added Pin To Net: NetName=GND Pin=C50-1
Added Pin To Net: NetName=GND Pin=C51-1
Added Pin To Net: NetName=GND Pin=C52-1
Added Pin To Net: NetName=GND Pin=C53-1
Added Pin To Net: NetName=GND Pin=C54-2
Added Pin To Net: NetName=GND Pin=C55-2
Added Pin To Net: NetName=GND Pin=C56-2
Added Pin To Net: NetName=GND Pin=C57-1
Added Pin To Net: NetName=GND Pin=C58-1
Added Pin To Net: NetName=GND Pin=C59-2
Added Pin To Net: NetName=GND Pin=D1-1
Added Pin To Net: NetName=GND Pin=D2-1
Added Pin To Net: NetName=GND Pin=D3-1
Added Pin To Net: NetName=GND Pin=D4-1
Added Pin To Net: NetName=GND Pin=D5-1
Added Pin To Net: NetName=GND Pin=D6-1
Added Pin To Net: NetName=GND Pin=D7-1
Added Pin To Net: NetName=GND Pin=D8-1
Added Pin To Net: NetName=GND Pin=D9-1
Added Pin To Net: NetName=GND Pin=D10-1
Added Pin To Net: NetName=GND Pin=D11-1
Added Pin To Net: NetName=GND Pin=D12-1
Added Pin To Net: NetName=GND Pin=D13-1
Added Pin To Net: NetName=GND Pin=D14-1
Added Pin To Net: NetName=GND Pin=D15-1
Added Pin To Net: NetName=GND Pin=D16-1
Added Pin To Net: NetName=GND Pin=D17-1
Added Pin To Net: NetName=GND Pin=D19-1
Added Pin To Net: NetName=GND Pin=E1-2
Added Pin To Net: NetName=GND Pin=E1-2
Added Pin To Net: NetName=GND Pin=E1-2
Added Pin To Net: NetName=GND Pin=H5-1
Added Pin To Net: NetName=GND Pin=NRF24L01-0
Added Pin To Net: NetName=GND Pin=P1-5
Added Pin To Net: NetName=GND Pin=P1-6
Added Pin To Net: NetName=GND Pin=P1-17
Added Pin To Net: NetName=GND Pin=P2-A1
Added Pin To Net: NetName=GND Pin=P2-A12
Added Pin To Net: NetName=GND Pin=P2-B1
Added Pin To Net: NetName=GND Pin=P2-B12
Added Pin To Net: NetName=GND Pin=R9-2
Added Pin To Net: NetName=GND Pin=R16-1
Added Pin To Net: NetName=GND Pin=R20-1
Added Pin To Net: NetName=GND Pin=R21-2
Added Pin To Net: NetName=GND Pin=R24-1
Added Pin To Net: NetName=GND Pin=R25-2
Added Pin To Net: NetName=GND Pin=R29-1
Added Pin To Net: NetName=GND Pin=T1-2
Added Pin To Net: NetName=GND Pin=U1-10
Added Pin To Net: NetName=GND Pin=U1-20
Added Pin To Net: NetName=GND Pin=U1-27
Added Pin To Net: NetName=GND Pin=U1-74
Added Pin To Net: NetName=GND Pin=U1-99
Added Pin To Net: NetName=GND Pin=U2-0
Added Pin To Net: NetName=GND Pin=U2-1
Added Pin To Net: NetName=GND Pin=U2-2
Added Pin To Net: NetName=GND Pin=U3-0
Added Pin To Net: NetName=GND Pin=U3-1
Added Pin To Net: NetName=GND Pin=U3-2
Added Pin To Net: NetName=GND Pin=U3-3
Added Pin To Net: NetName=GND Pin=U3-7
Added Pin To Net: NetName=GND Pin=U3-8
Added Pin To Net: NetName=GND Pin=U3-9
Added Pin To Net: NetName=GND Pin=U3-11
Added Pin To Net: NetName=GND Pin=U3-12
Added Pin To Net: NetName=GND Pin=U3-15
Added Pin To Net: NetName=GND Pin=U5-2
Added Pin To Net: NetName=GND Pin=U6-3
Added Pin To Net: NetName=GND Pin=U7-2
Added Pin To Net: NetName=GND Pin=U7-8
Added Pin To Net: NetName=GND Pin=U8-15
Added Pin To Net: NetName=GND Pin=U9-2
Added Net: Name=GND
Added Pin To Net: NetName=LED_B Pin=U1-55
Added Net: Name=LED_B
Added Pin To Net: NetName=LED_G Pin=U1-53
Added Net: Name=LED_G
Added Pin To Net: NetName=LED_R Pin=U1-54
Added Net: Name=LED_R
Added Pin To Net: NetName=NetBuzzer1_2 Pin=Buzzer1-2
Added Pin To Net: NetName=NetBuzzer1_2 Pin=D18-1
Added Pin To Net: NetName=NetBuzzer1_2 Pin=T1-3
Added Net: Name=NetBuzzer1_2
Added Pin To Net: NetName=NetC3_1 Pin=C3-1
Added Pin To Net: NetName=NetC3_1 Pin=R9-1
Added Pin To Net: NetName=NetC3_1 Pin=U2-9
Added Net: Name=NetC3_1
Added Pin To Net: NetName=NetC4_2 Pin=C4-2
Added Pin To Net: NetName=NetC4_2 Pin=R16-2
Added Net: Name=NetC4_2
Added Pin To Net: NetName=NetC11_2 Pin=C11-2
Added Pin To Net: NetName=NetC11_2 Pin=R18-2
Added Pin To Net: NetName=NetC11_2 Pin=U2-28
Added Pin To Net: NetName=NetC11_2 Pin=XT1-2
Added Net: Name=NetC11_2
Added Pin To Net: NetName=NetC12_2 Pin=C12-2
Added Pin To Net: NetName=NetC12_2 Pin=U2-15
Added Net: Name=NetC12_2
Added Pin To Net: NetName=NetC13_2 Pin=C13-2
Added Pin To Net: NetName=NetC13_2 Pin=U2-26
Added Net: Name=NetC13_2
Added Pin To Net: NetName=NetC14_2 Pin=C14-2
Added Pin To Net: NetName=NetC14_2 Pin=U2-29
Added Net: Name=NetC14_2
Added Pin To Net: NetName=NetC15_2 Pin=C15-2
Added Pin To Net: NetName=NetC15_2 Pin=R18-1
Added Pin To Net: NetName=NetC15_2 Pin=U2-27
Added Pin To Net: NetName=NetC15_2 Pin=XT1-1
Added Net: Name=NetC15_2
Added Pin To Net: NetName=NetC16_2 Pin=C16-2
Added Pin To Net: NetName=NetC16_2 Pin=U1-73
Added Net: Name=NetC16_2
Added Pin To Net: NetName=NetC17_2 Pin=C17-2
Added Pin To Net: NetName=NetC17_2 Pin=U1-49
Added Net: Name=NetC17_2
Added Pin To Net: NetName=NetC18_1 Pin=C18-1
Added Pin To Net: NetName=NetC18_1 Pin=NRF24L01-19
Added Net: Name=NetC18_1
Added Pin To Net: NetName=NetC37_2 Pin=C37-2
Added Pin To Net: NetName=NetC37_2 Pin=U1-13
Added Pin To Net: NetName=NetC37_2 Pin=XT2-1
Added Net: Name=NetC37_2
Added Pin To Net: NetName=NetC38_2 Pin=C38-2
Added Pin To Net: NetName=NetC38_2 Pin=U1-12
Added Pin To Net: NetName=NetC38_2 Pin=XT2-2
Added Net: Name=NetC38_2
Added Pin To Net: NetName=NetC39_1 Pin=C39-1
Added Pin To Net: NetName=NetC39_1 Pin=C43-2
Added Pin To Net: NetName=NetC39_1 Pin=U3-4
Added Net: Name=NetC39_1
Added Pin To Net: NetName=NetC39_2 Pin=C39-2
Added Pin To Net: NetName=NetC39_2 Pin=L4-2
Added Net: Name=NetC39_2
Added Pin To Net: NetName=NetC41_2 Pin=C41-2
Added Pin To Net: NetName=NetC41_2 Pin=L3-1
Added Pin To Net: NetName=NetC41_2 Pin=U3-10
Added Net: Name=NetC41_2
Added Pin To Net: NetName=NetC42_2 Pin=C42-2
Added Pin To Net: NetName=NetC42_2 Pin=E1-1
Added Pin To Net: NetName=NetC42_2 Pin=L3-2
Added Net: Name=NetC42_2
Added Pin To Net: NetName=NetC44_2 Pin=C44-2
Added Pin To Net: NetName=NetC44_2 Pin=C45-2
Added Pin To Net: NetName=NetC44_2 Pin=L6-2
Added Pin To Net: NetName=NetC44_2 Pin=NRF24L01-11
Added Pin To Net: NetName=NetC44_2 Pin=R27-2
Added Net: Name=NetC44_2
Added Pin To Net: NetName=NetC50_2 Pin=C50-2
Added Pin To Net: NetName=NetC50_2 Pin=NRF24L01-9
Added Pin To Net: NetName=NetC50_2 Pin=XT3-1
Added Net: Name=NetC50_2
Added Pin To Net: NetName=NetC51_2 Pin=C51-2
Added Pin To Net: NetName=NetC51_2 Pin=NRF24L01-10
Added Pin To Net: NetName=NetC51_2 Pin=XT3-2
Added Net: Name=NetC51_2
Added Pin To Net: NetName=NetC55_1 Pin=C55-1
Added Pin To Net: NetName=NetC55_1 Pin=R30-1
Added Pin To Net: NetName=NetC55_1 Pin=U8-16
Added Net: Name=NetC55_1
Added Pin To Net: NetName=NetC56_1 Pin=C56-1
Added Pin To Net: NetName=NetC56_1 Pin=U8-2
Added Net: Name=NetC56_1
Added Pin To Net: NetName=NetC58_2 Pin=C58-2
Added Pin To Net: NetName=NetC58_2 Pin=R31-1
Added Pin To Net: NetName=NetC58_2 Pin=R32-1
Added Net: Name=NetC58_2
Added Pin To Net: NetName=NetC59_1 Pin=C59-1
Added Pin To Net: NetName=NetC59_1 Pin=U8-6
Added Net: Name=NetC59_1
Added Pin To Net: NetName=NetC60_1 Pin=C60-1
Added Pin To Net: NetName=NetC60_1 Pin=U8-3
Added Net: Name=NetC60_1
Added Pin To Net: NetName=NetC60_2 Pin=C60-2
Added Pin To Net: NetName=NetC60_2 Pin=U8-1
Added Net: Name=NetC60_2
Added Pin To Net: NetName=NetC61_1 Pin=C61-1
Added Pin To Net: NetName=NetC61_1 Pin=U8-5
Added Net: Name=NetC61_1
Added Pin To Net: NetName=NetC61_2 Pin=C61-2
Added Pin To Net: NetName=NetC61_2 Pin=U8-4
Added Net: Name=NetC61_2
Added Pin To Net: NetName=NetD20_1 Pin=D20-1
Added Pin To Net: NetName=NetD20_1 Pin=R29-2
Added Net: Name=NetD20_1
Added Pin To Net: NetName=NetF1_1 Pin=F1-1
Added Pin To Net: NetName=NetF1_1 Pin=L1-2
Added Net: Name=NetF1_1
Added Pin To Net: NetName=NetF1_2 Pin=F1-2
Added Pin To Net: NetName=NetF1_2 Pin=P2-A4
Added Pin To Net: NetName=NetF1_2 Pin=P2-A9
Added Pin To Net: NetName=NetF1_2 Pin=P2-B4
Added Pin To Net: NetName=NetF1_2 Pin=P2-B9
Added Net: Name=NetF1_2
Added Pin To Net: NetName=NetL4_1 Pin=L4-1
Added Pin To Net: NetName=NetL4_1 Pin=L5-2
Added Pin To Net: NetName=NetL4_1 Pin=NRF24L01-13
Added Net: Name=NetL4_1
Added Pin To Net: NetName=NetL5_1 Pin=L5-1
Added Pin To Net: NetName=NetL5_1 Pin=L6-1
Added Pin To Net: NetName=NetL5_1 Pin=NRF24L01-12
Added Net: Name=NetL5_1
Added Pin To Net: NetName=NetNRF24L01_8 Pin=NRF24L01-8
Added Pin To Net: NetName=NetNRF24L01_8 Pin=NRF24L01-14
Added Pin To Net: NetName=NetNRF24L01_8 Pin=NRF24L01-17
Added Pin To Net: NetName=NetNRF24L01_8 Pin=NRF24L01-20
Added Net: Name=NetNRF24L01_8
Added Pin To Net: NetName=NetNRF24L01_16 Pin=NRF24L01-16
Added Pin To Net: NetName=NetNRF24L01_16 Pin=R21-1
Added Net: Name=NetNRF24L01_16
Added Pin To Net: NetName=NetR20_2 Pin=R20-2
Added Pin To Net: NetName=NetR20_2 Pin=U2-32
Added Net: Name=NetR20_2
Added Pin To Net: NetName=NetR23_2 Pin=R23-2
Added Pin To Net: NetName=NetR23_2 Pin=R25-1
Added Pin To Net: NetName=NetR23_2 Pin=T1-1
Added Net: Name=NetR23_2
Added Pin To Net: NetName=NetR24_2 Pin=R24-2
Added Pin To Net: NetName=NetR24_2 Pin=U1-94
Added Net: Name=NetR24_2
Added Pin To Net: NetName=NetR27_1 Pin=R27-1
Added Pin To Net: NetName=NetR27_1 Pin=U3-5
Added Net: Name=NetR27_1
Added Pin To Net: NetName=NetR28_2 Pin=R28-2
Added Pin To Net: NetName=NetR28_2 Pin=U3-6
Added Net: Name=NetR28_2
Added Pin To Net: NetName=NetR31_2 Pin=R31-2
Added Pin To Net: NetName=NetR31_2 Pin=U7-7
Added Net: Name=NetR31_2
Added Pin To Net: NetName=NetR32_2 Pin=R32-2
Added Pin To Net: NetName=NetR32_2 Pin=U7-6
Added Net: Name=NetR32_2
Added Pin To Net: NetName=NRST Pin=C40-2
Added Pin To Net: NetName=NRST Pin=P1-11
Added Pin To Net: NetName=NRST Pin=R26-2
Added Pin To Net: NetName=NRST Pin=U1-14
Added Net: Name=NRST
Added Pin To Net: NetName=P0 Pin=D2-2
Added Pin To Net: NetName=P0 Pin=P1-19
Added Pin To Net: NetName=P0 Pin=R1-1
Added Net: Name=P0
Added Pin To Net: NetName=P1 Pin=D3-2
Added Pin To Net: NetName=P1 Pin=P1-21
Added Pin To Net: NetName=P1 Pin=R2-1
Added Net: Name=P1
Added Pin To Net: NetName=P2 Pin=D4-2
Added Pin To Net: NetName=P2 Pin=P1-23
Added Pin To Net: NetName=P2 Pin=R3-1
Added Pin To Net: NetName=P2 Pin=U7-1
Added Net: Name=P2
Added Pin To Net: NetName=P3 Pin=D5-2
Added Pin To Net: NetName=P3 Pin=P1-25
Added Pin To Net: NetName=P3 Pin=R4-1
Added Pin To Net: NetName=P3 Pin=U7-1
Added Net: Name=P3
Added Pin To Net: NetName=P4 Pin=D6-2
Added Pin To Net: NetName=P4 Pin=P1-27
Added Pin To Net: NetName=P4 Pin=R5-1
Added Net: Name=P4
Added Pin To Net: NetName=P5 Pin=D7-2
Added Pin To Net: NetName=P5 Pin=P1-29
Added Pin To Net: NetName=P5 Pin=R6-1
Added Pin To Net: NetName=P5 Pin=U8-11
Added Net: Name=P5
Added Pin To Net: NetName=P6 Pin=D8-2
Added Pin To Net: NetName=P6 Pin=P1-31
Added Pin To Net: NetName=P6 Pin=R8-1
Added Pin To Net: NetName=P6 Pin=U8-12
Added Net: Name=P6
Added Pin To Net: NetName=P7 Pin=D9-2
Added Pin To Net: NetName=P7 Pin=NRF24L01-6
Added Pin To Net: NetName=P7 Pin=P1-33
Added Pin To Net: NetName=P7 Pin=R7-1
Added Net: Name=P7
Added Pin To Net: NetName=P8 Pin=D17-2
Added Pin To Net: NetName=P8 Pin=P1-35
Added Pin To Net: NetName=P8 Pin=R11-1
Added Net: Name=P8
Added Pin To Net: NetName=P9 Pin=D16-2
Added Pin To Net: NetName=P9 Pin=P1-37
Added Pin To Net: NetName=P9 Pin=R10-1
Added Net: Name=P9
Added Pin To Net: NetName=P10 Pin=D15-2
Added Pin To Net: NetName=P10 Pin=NRF24L01-4
Added Pin To Net: NetName=P10 Pin=P1-39
Added Pin To Net: NetName=P10 Pin=R12-1
Added Net: Name=P10
Added Pin To Net: NetName=P11 Pin=D14-2
Added Pin To Net: NetName=P11 Pin=NRF24L01-5
Added Pin To Net: NetName=P11 Pin=P1-41
Added Pin To Net: NetName=P11 Pin=R13-1
Added Net: Name=P11
Added Pin To Net: NetName=P12 Pin=D13-2
Added Pin To Net: NetName=P12 Pin=NRF24L01-3
Added Pin To Net: NetName=P12 Pin=P1-43
Added Pin To Net: NetName=P12 Pin=R14-1
Added Net: Name=P12
Added Pin To Net: NetName=P13 Pin=D12-2
Added Pin To Net: NetName=P13 Pin=NRF24L01-2
Added Pin To Net: NetName=P13 Pin=P1-45
Added Pin To Net: NetName=P13 Pin=R15-1
Added Net: Name=P13
Added Pin To Net: NetName=P14 Pin=D11-2
Added Pin To Net: NetName=P14 Pin=NRF24L01-1
Added Pin To Net: NetName=P14 Pin=P1-47
Added Pin To Net: NetName=P14 Pin=R17-1
Added Pin To Net: NetName=P14 Pin=R28-1
Added Net: Name=P14
Added Pin To Net: NetName=P15 Pin=D10-2
Added Pin To Net: NetName=P15 Pin=P1-49
Added Pin To Net: NetName=P15 Pin=R19-1
Added Pin To Net: NetName=P15 Pin=R23-1
Added Net: Name=P15
Added Pin To Net: NetName=PA0 Pin=R11-2
Added Pin To Net: NetName=PA0 Pin=U1-23
Added Net: Name=PA0
Added Pin To Net: NetName=PA1 Pin=R10-2
Added Pin To Net: NetName=PA1 Pin=U1-24
Added Net: Name=PA1
Added Pin To Net: NetName=PA4 Pin=R15-2
Added Pin To Net: NetName=PA4 Pin=U1-29
Added Net: Name=PA4
Added Pin To Net: NetName=PA6 Pin=R13-2
Added Pin To Net: NetName=PA6 Pin=U1-31
Added Net: Name=PA6
Added Pin To Net: NetName=PA7 Pin=R12-2
Added Pin To Net: NetName=PA7 Pin=U1-32
Added Net: Name=PA7
Added Pin To Net: NetName=PA8 Pin=R17-2
Added Pin To Net: NetName=PA8 Pin=U1-67
Added Net: Name=PA8
Added Pin To Net: NetName=PA15 Pin=R5-2
Added Pin To Net: NetName=PA15 Pin=U1-77
Added Net: Name=PA15
Added Pin To Net: NetName=PB3 Pin=R14-2
Added Pin To Net: NetName=PB3 Pin=U1-89
Added Net: Name=PB3
Added Pin To Net: NetName=PB6 Pin=R1-2
Added Pin To Net: NetName=PB6 Pin=U1-92
Added Net: Name=PB6
Added Pin To Net: NetName=PB7 Pin=R2-2
Added Pin To Net: NetName=PB7 Pin=U1-93
Added Net: Name=PB7
Added Pin To Net: NetName=PB8 Pin=R3-2
Added Pin To Net: NetName=PB8 Pin=U1-95
Added Net: Name=PB8
Added Pin To Net: NetName=PB9 Pin=R4-2
Added Pin To Net: NetName=PB9 Pin=U1-96
Added Net: Name=PB9
Added Pin To Net: NetName=PC9 Pin=R19-2
Added Pin To Net: NetName=PC9 Pin=U1-66
Added Net: Name=PC9
Added Pin To Net: NetName=PC10 Pin=R6-2
Added Pin To Net: NetName=PC10 Pin=U1-78
Added Net: Name=PC10
Added Pin To Net: NetName=PC11 Pin=R8-2
Added Pin To Net: NetName=PC11 Pin=U1-79
Added Net: Name=PC11
Added Pin To Net: NetName=PC12 Pin=R7-2
Added Pin To Net: NetName=PC12 Pin=U1-80
Added Net: Name=PC12
Added Pin To Net: NetName=SWCLK Pin=H6-1
Added Pin To Net: NetName=SWCLK Pin=P1-9
Added Pin To Net: NetName=SWCLK Pin=U1-76
Added Net: Name=SWCLK
Added Pin To Net: NetName=SWDIO Pin=H3-1
Added Pin To Net: NetName=SWDIO Pin=P1-7
Added Pin To Net: NetName=SWDIO Pin=U1-72
Added Net: Name=SWDIO
Added Pin To Net: NetName=USB_CLK Pin=U1-30
Added Pin To Net: NetName=USB_CLK Pin=U2-14
Added Net: Name=USB_CLK
Added Pin To Net: NetName=USB_DATA0 Pin=U1-26
Added Pin To Net: NetName=USB_DATA0 Pin=U2-24
Added Net: Name=USB_DATA0
Added Pin To Net: NetName=USB_DATA1 Pin=U1-35
Added Pin To Net: NetName=USB_DATA1 Pin=U2-23
Added Net: Name=USB_DATA1
Added Pin To Net: NetName=USB_DATA2 Pin=U1-36
Added Pin To Net: NetName=USB_DATA2 Pin=U2-22
Added Net: Name=USB_DATA2
Added Pin To Net: NetName=USB_DATA3 Pin=U1-47
Added Pin To Net: NetName=USB_DATA3 Pin=U2-21
Added Net: Name=USB_DATA3
Added Pin To Net: NetName=USB_DATA4 Pin=U1-48
Added Pin To Net: NetName=USB_DATA4 Pin=U2-20
Added Net: Name=USB_DATA4
Added Pin To Net: NetName=USB_DATA5 Pin=U1-51
Added Pin To Net: NetName=USB_DATA5 Pin=U2-19
Added Net: Name=USB_DATA5
Added Pin To Net: NetName=USB_DATA6 Pin=U1-52
Added Pin To Net: NetName=USB_DATA6 Pin=U2-18
Added Net: Name=USB_DATA6
Added Pin To Net: NetName=USB_DATA7 Pin=U1-91
Added Pin To Net: NetName=USB_DATA7 Pin=U2-17
Added Net: Name=USB_DATA7
Added Pin To Net: NetName=USB_DIR Pin=U1-17
Added Pin To Net: NetName=USB_DIR Pin=U2-12
Added Net: Name=USB_DIR
Added Pin To Net: NetName=USB_N Pin=P2-A7
Added Pin To Net: NetName=USB_N Pin=P2-B7
Added Pin To Net: NetName=USB_N Pin=U2-8
Added Net: Name=USB_N
Added Pin To Net: NetName=USB_NXT Pin=U1-18
Added Pin To Net: NetName=USB_NXT Pin=U2-11
Added Net: Name=USB_NXT
Added Pin To Net: NetName=USB_P Pin=P2-A6
Added Pin To Net: NetName=USB_P Pin=P2-B6
Added Pin To Net: NetName=USB_P Pin=U2-7
Added Net: Name=USB_P
Added Pin To Net: NetName=USB_STP Pin=U1-15
Added Pin To Net: NetName=USB_STP Pin=U2-13
Added Net: Name=USB_STP
Added Differential Pair: Name=USB
