Change Component Designator: Old Designator=Buzzer? New Designator=Buzzer1
Change Component Designator: Old Designator=C36 New Designator=C37
Change Component Designator: Old Designator=C37 New Designator=C38
Change Component Designator: Old Designator=C38 New Designator=C39
Change Component Designator: Old Designator=C39 New Designator=C40
Change Component Designator: Old Designator=C40 New Designator=C41
Change Component Designator: Old Designator=C41 New Designator=C42
Change Component Designator: Old Designator=C42 New Designator=C43
Change Component Designator: Old Designator=C43 New Designator=C44
Change Component Designator: Old Designator=C44 New Designator=C45
Change Component Designator: Old Designator=C45 New Designator=C46
Change Component Designator: Old Designator=C46 New Designator=C47
Change Component Designator: Old Designator=C47 New Designator=C48
Change Component Designator: Old Designator=C48 New Designator=C49
Change Component Designator: Old Designator=C49 New Designator=C50
Change Component Designator: Old Designator=C50 New Designator=C51
Change Component Designator: Old Designator=C51 New Designator=C52
Change Component Designator: Old Designator=C52 New Designator=C53
Change Component Designator: Old Designator=C53 New Designator=C57
Change Component Designator: Old Designator=C? New Designator=C36
Change Component Designator: Old Designator=C? New Designator=C54
Change Component Designator: Old Designator=C? New Designator=C55
Change Component Designator: Old Designator=C? New Designator=C56
Change Component Designator: Old Designator=C? New Designator=C58
Change Component Designator: Old Designator=C? New Designator=C59
Change Component Designator: Old Designator=C? New Designator=C60
Change Component Designator: Old Designator=C? New Designator=C61
Change Component Designator: Old Designator=D18 New Designator=D19
Change Component Designator: Old Designator=D19 New Designator=D20
Change Component Designator: Old Designator=D? New Designator=D18
Change Component Designator: Old Designator=H1 New Designator=H2
Change Component Designator: Old Designator=H2 New Designator=H3
Change Component Designator: Old Designator=H3 New Designator=H5
Change Component Designator: Old Designator=H4 New Designator=H6
Change Component Designator: Old Designator=H5 New Designator=H1
Change Component Designator: Old Designator=H6 New Designator=H4
Change Component Designator: Old Designator=LED? New Designator=LED1
Change Component Designator: Old Designator=R23 New Designator=R24
Change Component Designator: Old Designator=R24 New Designator=R26
Change Component Designator: Old Designator=R25 New Designator=R27
Change Component Designator: Old Designator=R26 New Designator=R28
Change Component Designator: Old Designator=R27 New Designator=R29
Change Component Designator: Old Designator=R? New Designator=R23
Change Component Designator: Old Designator=R? New Designator=R25
Change Component Designator: Old Designator=R? New Designator=R30
Change Component Designator: Old Designator=R? New Designator=R31
Change Component Designator: Old Designator=R? New Designator=R32
Change Component Designator: Old Designator=T? New Designator=T1
Change Component Designator: Old Designator=U7 New Designator=U9
Change Component Designator: Old Designator=U? New Designator=U7
Change Component Designator: Old Designator=U? New Designator=U8
