Change Component Designator: Old Designator=C11 New Designator=C12
Change Component Designator: Old Designator=C12 New Designator=C13
Change Component Designator: Old Designator=C13 New Designator=C14
Change Component Designator: Old Designator=C14 New Designator=C15
Change Component Designator: Old Designator=C15 New Designator=C11
Change Component Designator: Old Designator=C18 New Designator=C24
Change Component Designator: Old Designator=C19 New Designator=C25
Change Component Designator: Old Designator=C20 New Designator=C26
Change Component Designator: Old Designator=C21 New Designator=C27
Change Component Designator: Old Designator=C22 New Designator=C28
Change Component Designator: Old Designator=C23 New Designator=C29
Change Component Designator: Old Designator=C24 New Designator=C30
Change Component Designator: Old Designator=C25 New Designator=C31
Change Component Designator: Old Designator=C26 New Designator=C32
Change Component Designator: Old Designator=C27 New Designator=C33
Change Component Designator: Old Designator=C28 New Designator=C39
Change Component Designator: Old Designator=C29 New Designator=C36
Change Component Designator: Old Designator=C30 New Designator=C37
Change Component Designator: Old Designator=C37 New Designator=C18
Change Component Designator: Old Designator=C38 New Designator=C19
Change Component Designator: Old Designator=C39 New Designator=C20
Change Component Designator: Old Designator=C40 New Designator=C21
Change Component Designator: Old Designator=C41 New Designator=C22
Change Component Designator: Old Designator=C42 New Designator=C23
Change Component Designator: Old Designator=C43 New Designator=C34
Change Component Designator: Old Designator=C44 New Designator=C35
Change Component Designator: Old Designator=C45 New Designator=C38
Change Component Designator: Old Designator=C46 New Designator=C40
Change Component Designator: Old Designator=C47 New Designator=C41
Change Component Designator: Old Designator=C48 New Designator=C42
Change Component Designator: Old Designator=C49 New Designator=C43
Change Component Designator: Old Designator=C50 New Designator=C44
Change Component Designator: Old Designator=C51 New Designator=C49
Change Component Designator: Old Designator=C52 New Designator=C50
Change Component Designator: Old Designator=C? New Designator=C45
Change Component Designator: Old Designator=C? New Designator=C46
Change Component Designator: Old Designator=C? New Designator=C47
Change Component Designator: Old Designator=C? New Designator=C48
Change Component Designator: Old Designator=C? New Designator=C51
Change Component Designator: Old Designator=C? New Designator=C52
Change Component Designator: Old Designator=C? New Designator=C53
Change Component Designator: Old Designator=D3 New Designator=D2
Change Component Designator: Old Designator=D4 New Designator=D3
Change Component Designator: Old Designator=D5 New Designator=D4
Change Component Designator: Old Designator=D6 New Designator=D5
Change Component Designator: Old Designator=D7 New Designator=D6
Change Component Designator: Old Designator=D8 New Designator=D7
Change Component Designator: Old Designator=D9 New Designator=D8
Change Component Designator: Old Designator=D10 New Designator=D9
Change Component Designator: Old Designator=D11 New Designator=D10
Change Component Designator: Old Designator=D12 New Designator=D11
Change Component Designator: Old Designator=D13 New Designator=D12
Change Component Designator: Old Designator=D14 New Designator=D13
Change Component Designator: Old Designator=D15 New Designator=D14
Change Component Designator: Old Designator=D16 New Designator=D15
Change Component Designator: Old Designator=D17 New Designator=D16
Change Component Designator: Old Designator=D18 New Designator=D17
Change Component Designator: Old Designator=D? New Designator=D18
Change Component Designator: Old Designator=D? New Designator=D19
Change Component Designator: Old Designator=H3 New Designator=H5
Change Component Designator: Old Designator=H? New Designator=H1
Change Component Designator: Old Designator=H? New Designator=H2
Change Component Designator: Old Designator=H? New Designator=H3
Change Component Designator: Old Designator=H? New Designator=H4
Change Component Designator: Old Designator=P1 New Designator=P2
Change Component Designator: Old Designator=P2 New Designator=P1
Change Component Designator: Old Designator=R1 New Designator=R9
Change Component Designator: Old Designator=R2 New Designator=R16
Change Component Designator: Old Designator=R3 New Designator=R18
Change Component Designator: Old Designator=R4 New Designator=R20
Change Component Designator: Old Designator=R5 New Designator=R23
Change Component Designator: Old Designator=R6 New Designator=R24
Change Component Designator: Old Designator=R7 New Designator=R1
Change Component Designator: Old Designator=R8 New Designator=R2
Change Component Designator: Old Designator=R9 New Designator=R3
Change Component Designator: Old Designator=R10 New Designator=R4
Change Component Designator: Old Designator=R11 New Designator=R5
Change Component Designator: Old Designator=R12 New Designator=R6
Change Component Designator: Old Designator=R13 New Designator=R7
Change Component Designator: Old Designator=R14 New Designator=R8
Change Component Designator: Old Designator=R15 New Designator=R10
Change Component Designator: Old Designator=R16 New Designator=R11
Change Component Designator: Old Designator=R17 New Designator=R12
Change Component Designator: Old Designator=R18 New Designator=R13
Change Component Designator: Old Designator=R19 New Designator=R14
Change Component Designator: Old Designator=R20 New Designator=R15
Change Component Designator: Old Designator=R21 New Designator=R17
Change Component Designator: Old Designator=R22 New Designator=R19
Change Component Designator: Old Designator=R23 New Designator=R21
Change Component Designator: Old Designator=R24 New Designator=R22
Change Component Designator: Old Designator=R? New Designator=R27
Change Component Designator: Old Designator=U5 New Designator=U3
Change Component Designator: Old Designator=U6 New Designator=U4
Change Component Designator: Old Designator=U? New Designator=U5
Change Component Designator: Old Designator=U? New Designator=U6
Change Component Designator: Old Designator=U? New Designator=U7
