#
# A fatal error has been detected by the Java Runtime Environment:
#
#  EXCEPTION_ACCESS_VIOLATION (0xc0000005) at pc=0x00007ffe0ae7c21d, pid=13008, tid=0x0000000000001ff0
#
# JRE version: Java(TM) SE Runtime Environment (8.0_101-b13) (build 1.8.0_101-b13)
# Java VM: Java HotSpot(TM) 64-Bit Server VM (25.101-b13 mixed mode windows-amd64 compressed oops)
# Problematic frame:
# C  0x00007ffe0ae7c21d
#
# Failed to write core dump. Minidumps are not enabled by default on client versions of Windows
#
# If you would like to submit a bug report, please visit:
#   http://bugreport.java.com/bugreport/crash.jsp
# The crash happened outside the Java Virtual Machine in native code.
# See problematic frame for where to report the bug.
#

---------------  T H R E A D  ---------------

Current thread (0x0000000019b8b800):  JavaThread "AWT-Windows" daemon [_thread_in_native, id=8176, stack(0x000000001a530000,0x000000001a630000)]

siginfo: ExceptionCode=0xc0000005, reading address 0x0000000000000018

Registers:
RAX=0x0000000000000000, RBX=0x0000000020c459a0, RCX=0x00000000210162e0, RDX=0x000000001a62de70
RSP=0x000000001a62de10, RBP=0x000000001a62de50, RSI=0x00000000210162e0, RDI=0x00000000210162e0
R8 =0x000000001a62dd38, R9 =0x000000001a62dda0, R10=0x0000000000000000, R11=0x0000000000000246
R12=0x0000000000000000, R13=0x0000000020c31798, R14=0x0000000000000048, R15=0x000000001a62e300
RIP=0x00007ffe0ae7c21d, EFLAGS=0x0000000000010246

Top of Stack: (sp=0x000000001a62de10)
0x000000001a62de10:   0000000700000a25 0000000000000000
0x000000001a62de20:   000000001a62e300 0000000000000048
0x000000001a62de30:   0000000000000804 00007ffe0ae88bf2
0x000000001a62de40:   0000000000000000 0000000000000804
0x000000001a62de50:   00000000210162e0 0000000020c459a0
0x000000001a62de60:   000000001a62df70 00007ffe0ae7b7b1
0x000000001a62de70:   0000000000000000 0000000000000000
0x000000001a62de80:   000000001a62df70 0000000020c459a0
0x000000001a62de90:   0000000000000000 0000000000000000
0x000000001a62dea0:   0000000000000282 00007ffe97c6251f
0x000000001a62deb0:   00005829de771085 000000001a62e0e0
0x000000001a62dec0:   0000000000000804 0000000000000000
0x000000001a62ded0:   0000000000030c9c 00007ffe0aec3200
0x000000001a62dee0:   000000001a62e300 000000001a62e318
0x000000001a62def0:   0000000000000a25 0000000000000007
0x000000001a62df00:   0000000000000001 0000000020c45ca4 

Instructions: (pc=0x00007ffe0ae7c21d)
0x00007ffe0ae7c1fd:   09 00 00 44 8b cb e8 98 61 ff ff 8b c3 e9 3b 01
0x00007ffe0ae7c20d:   00 00 48 8b 02 48 8b ce 83 65 20 00 48 8d 55 20
0x00007ffe0ae7c21d:   48 8b 40 18 ff 15 59 18 04 00 8b f8 85 c0 79 1d
0x00007ffe0ae7c22d:   48 8b 4d 18 4c 8d 05 68 37 04 00 44 8b c8 ba ae 


Register to memory mapping:

RAX=0x0000000000000000 is an unknown value
RBX=0x0000000020c459a0 is an unknown value
RCX=0x00000000210162e0 is an unknown value
RDX=0x000000001a62de70 is pointing into the stack for thread: 0x0000000019b8b800
RSP=0x000000001a62de10 is pointing into the stack for thread: 0x0000000019b8b800
RBP=0x000000001a62de50 is pointing into the stack for thread: 0x0000000019b8b800
RSI=0x00000000210162e0 is an unknown value
RDI=0x00000000210162e0 is an unknown value
R8 =0x000000001a62dd38 is pointing into the stack for thread: 0x0000000019b8b800
R9 =0x000000001a62dda0 is pointing into the stack for thread: 0x0000000019b8b800
R10=0x0000000000000000 is an unknown value
R11=0x0000000000000246 is an unknown value
R12=0x0000000000000000 is an unknown value
R13=0x0000000020c31798 is an unknown value
R14=0x0000000000000048 is an unknown value
R15=0x000000001a62e300 is pointing into the stack for thread: 0x0000000019b8b800


Stack: [0x000000001a530000,0x000000001a630000],  sp=0x000000001a62de10,  free space=1015k
Native frames: (J=compiled Java code, j=interpreted, Vv=VM code, C=native code)
C  0x00007ffe0ae7c21d
C  0x00007ffe0ae7b7b1
C  0x00007ffe0ae7c96e
C  0x00007ffe0ae74b0a
C  [MSCTF.dll+0xaa826]
C  [MSCTF.dll+0xa4ab8]
C  [MSCTF.dll+0xa899e]
C  [MSCTF.dll+0x8e593]
C  [MSCTF.dll+0x1e791]
C  [MSCTF.dll+0x8ed13]
C  [MSCTF.dll+0xa930c]
C  [MSCTF.dll+0xa4974]
C  [MSCTF.dll+0xcd8e]
C  [MSCTF.dll+0xcd20]
C  [MSCTF.dll+0xe12c]
C  [MSCTF.dll+0x42a29]
C  [MSCTF.dll+0x3dee4]
C  [MSCTF.dll+0xe99d]
C  [MSCTF.dll+0xe823]
C  [MSCTF.dll+0xac978]
C  [MSCTF.dll+0xa87f8]
C  [MSCTF.dll+0x8e593]
C  [MSCTF.dll+0x1e983]
C  [MSCTF.dll+0x5ed16]
C  [USER32.dll+0x15c1d]
C  [USER32.dll+0x15612]
C  [awt.dll+0xcc66c]
C  [awt.dll+0xcc91b]
C  0x0000000003157f54

Java frames: (J=compiled Java code, j=interpreted, Vv=VM code)
j  sun.awt.windows.WToolkit.eventLoop()V+0
j  sun.awt.windows.WToolkit.run()V+58
j  java.lang.Thread.run()V+11
v  ~StubRoutines::call_stub

---------------  P R O C E S S  ---------------

Java Threads: ( => current thread )
  0x00000000255e5800 JavaThread "Image Fetcher 0" daemon [_thread_blocked, id=14904, stack(0x0000000000fa0000,0x00000000010a0000)]
  0x00000000255e1000 JavaThread "TimerQueue" daemon [_thread_blocked, id=7780, stack(0x0000000023d70000,0x0000000023e70000)]
  0x00000000255e6800 JavaThread "Swing-Shell" daemon [_thread_blocked, id=1824, stack(0x0000000023610000,0x0000000023710000)]
  0x0000000003042800 JavaThread "DestroyJavaVM" [_thread_blocked, id=3168, stack(0x0000000002f40000,0x0000000003040000)]
  0x0000000019c25800 JavaThread "AWT-EventQueue-0" [_thread_in_native, id=5896, stack(0x00000000243f0000,0x00000000244f0000)]
  0x0000000019c20800 JavaThread "AWT-Shutdown" [_thread_blocked, id=4176, stack(0x000000001a430000,0x000000001a530000)]
=>0x0000000019b8b800 JavaThread "AWT-Windows" daemon [_thread_in_native, id=8176, stack(0x000000001a530000,0x000000001a630000)]
  0x0000000019b88800 JavaThread "Java2D Disposer" daemon [_thread_blocked, id=13800, stack(0x000000001a330000,0x000000001a430000)]
  0x00000000192f7800 JavaThread "Service Thread" daemon [_thread_blocked, id=13648, stack(0x0000000019880000,0x0000000019980000)]
  0x00000000192af800 JavaThread "C1 CompilerThread2" daemon [_thread_blocked, id=6420, stack(0x0000000019780000,0x0000000019880000)]
  0x0000000019286000 JavaThread "C2 CompilerThread1" daemon [_thread_blocked, id=13816, stack(0x0000000019680000,0x0000000019780000)]
  0x0000000017c6c000 JavaThread "C2 CompilerThread0" daemon [_thread_blocked, id=13832, stack(0x0000000019180000,0x0000000019280000)]
  0x0000000017c20800 JavaThread "Attach Listener" daemon [_thread_blocked, id=1712, stack(0x0000000019080000,0x0000000019180000)]
  0x0000000017c1f800 JavaThread "Signal Dispatcher" daemon [_thread_blocked, id=2964, stack(0x0000000018f80000,0x0000000019080000)]
  0x0000000017bfa800 JavaThread "Finalizer" daemon [_thread_blocked, id=1668, stack(0x0000000018e80000,0x0000000018f80000)]
  0x0000000003131000 JavaThread "Reference Handler" daemon [_thread_blocked, id=11364, stack(0x0000000018d80000,0x0000000018e80000)]

Other Threads:
  0x0000000017bd8000 VMThread [stack: 0x0000000018c80000,0x0000000018d80000] [id=4992]
  0x0000000019331800 WatcherThread [stack: 0x0000000019980000,0x0000000019a80000] [id=1332]

VM state:not at safepoint (normal execution)

VM Mutex/Monitor currently owned by a thread: None

Heap:
 PSYoungGen      total 634368K, used 488711K [0x00000000d6100000, 0x0000000100000000, 0x0000000100000000)
  eden space 601088K, 75% used [0x00000000d6100000,0x00000000f1e2e910,0x00000000fac00000)
  from space 33280K, 98% used [0x00000000fac00000,0x00000000fcc13630,0x00000000fcc80000)
  to   space 47616K, 0% used [0x00000000fd180000,0x00000000fd180000,0x0000000100000000)
 ParOldGen       total 272384K, used 147928K [0x0000000082200000, 0x0000000092c00000, 0x00000000d6100000)
  object space 272384K, 54% used [0x0000000082200000,0x000000008b276350,0x0000000092c00000)
 Metaspace       used 47304K, capacity 49824K, committed 50264K, reserved 1093632K
  class space    used 5859K, capacity 6883K, committed 7000K, reserved 1048576K

Card table byte_map: [0x0000000012500000,0x00000000128f0000] byte_map_base: 0x00000000120ef000

Marking Bits: (ParMarkBitMap*) 0x000000006ed8a6d0
 Begin Bits: [0x0000000012f90000, 0x0000000014f08000)
 End Bits:   [0x0000000014f08000, 0x0000000016e80000)

Polling page: 0x0000000000e80000

CodeCache: size=245760Kb used=25718Kb max_used=26067Kb free=220041Kb
 bounds [0x0000000003140000, 0x0000000004ae0000, 0x0000000012140000]
 total_blobs=8171 nmethods=7430 adapters=650
 compilation: enabled

Compilation events (10 events):
Event: 76.826 Thread 0x00000000192af800 9459   !   3       javax.swing.plaf.basic.BasicTextUI::modelToView (143 bytes)
Event: 76.827 Thread 0x00000000192af800 nmethod 9459 0x00000000048b4690 code [0x00000000048b48e0, 0x00000000048b5b98]
Event: 76.830 Thread 0x0000000019286000 9460       4       sun.font.FontDesignMetrics$MetricsKey::equals (49 bytes)
Event: 76.838 Thread 0x0000000019286000 nmethod 9460 0x000000000385ad10 code [0x000000000385af20, 0x000000000385b7c0]
Event: 76.847 Thread 0x00000000192af800 9461       3       sun.java2d.pipe.PixelToParallelogramConverter::fill (76 bytes)
Event: 76.848 Thread 0x00000000192af800 nmethod 9461 0x0000000004806710 code [0x00000000048068e0, 0x00000000048071d8]
Event: 76.848 Thread 0x00000000192af800 9462       3       javax.swing.RepaintManager::updateWindows (161 bytes)
Event: 76.850 Thread 0x00000000192af800 nmethod 9462 0x000000000393f050 code [0x000000000393f420, 0x0000000003941a08]
Event: 76.850 Thread 0x00000000192af800 9463       1       com.st.microxplorer.plugins.pinoutconfig.engine.AbstractGPin::setPinBlinking (6 bytes)
Event: 76.851 Thread 0x00000000192af800 nmethod 9463 0x0000000003da9610 code [0x0000000003da9760, 0x0000000003da9870]

GC Heap History (10 events):
Event: 22.275 GC heap before
{Heap before GC invocations=33 (full 3):
 PSYoungGen      total 677376K, used 667968K [0x00000000d6100000, 0x0000000100000000, 0x0000000100000000)
  eden space 667648K, 100% used [0x00000000d6100000,0x00000000fed00000,0x00000000fed00000)
  from space 9728K, 3% used [0x00000000fed00000,0x00000000fed50000,0x00000000ff680000)
  to   space 9728K, 0% used [0x00000000ff680000,0x00000000ff680000,0x0000000100000000)
 ParOldGen       total 134144K, used 59027K [0x0000000082200000, 0x000000008a500000, 0x00000000d6100000)
  object space 134144K, 44% used [0x0000000082200000,0x0000000085ba4e98,0x000000008a500000)
 Metaspace       used 37206K, capacity 39444K, committed 39768K, reserved 1083392K
  class space    used 4683K, capacity 5669K, committed 5720K, reserved 1048576K
Event: 22.277 GC heap after
Heap after GC invocations=33 (full 3):
 PSYoungGen      total 677376K, used 352K [0x00000000d6100000, 0x0000000100000000, 0x0000000100000000)
  eden space 667648K, 0% used [0x00000000d6100000,0x00000000d6100000,0x00000000fed00000)
  from space 9728K, 3% used [0x00000000ff680000,0x00000000ff6d8000,0x0000000100000000)
  to   space 9728K, 0% used [0x00000000fed00000,0x00000000fed00000,0x00000000ff680000)
 ParOldGen       total 134144K, used 59051K [0x0000000082200000, 0x000000008a500000, 0x00000000d6100000)
  object space 134144K, 44% used [0x0000000082200000,0x0000000085baae98,0x000000008a500000)
 Metaspace       used 37206K, capacity 39444K, committed 39768K, reserved 1083392K
  class space    used 4683K, capacity 5669K, committed 5720K, reserved 1048576K
}
Event: 22.362 GC heap before
{Heap before GC invocations=34 (full 3):
 PSYoungGen      total 677376K, used 668000K [0x00000000d6100000, 0x0000000100000000, 0x0000000100000000)
  eden space 667648K, 100% used [0x00000000d6100000,0x00000000fed00000,0x00000000fed00000)
  from space 9728K, 3% used [0x00000000ff680000,0x00000000ff6d8000,0x0000000100000000)
  to   space 9728K, 0% used [0x00000000fed00000,0x00000000fed00000,0x00000000ff680000)
 ParOldGen       total 134144K, used 59051K [0x0000000082200000, 0x000000008a500000, 0x00000000d6100000)
  object space 134144K, 44% used [0x0000000082200000,0x0000000085baae98,0x000000008a500000)
 Metaspace       used 37206K, capacity 39444K, committed 39768K, reserved 1083392K
  class space    used 4683K, capacity 5669K, committed 5720K, reserved 1048576K
Event: 22.365 GC heap after
Heap after GC invocations=34 (full 3):
 PSYoungGen      total 668160K, used 288K [0x00000000d6100000, 0x00000000fff00000, 0x0000000100000000)
  eden space 667648K, 0% used [0x00000000d6100000,0x00000000d6100000,0x00000000fed00000)
  from space 512K, 56% used [0x00000000fed00000,0x00000000fed48000,0x00000000fed80000)
  to   space 9216K, 0% used [0x00000000ff600000,0x00000000ff600000,0x00000000fff00000)
 ParOldGen       total 134144K, used 59059K [0x0000000082200000, 0x000000008a500000, 0x00000000d6100000)
  object space 134144K, 44% used [0x0000000082200000,0x0000000085bace98,0x000000008a500000)
 Metaspace       used 37206K, capacity 39444K, committed 39768K, reserved 1083392K
  class space    used 4683K, capacity 5669K, committed 5720K, reserved 1048576K
}
Event: 23.803 GC heap before
{Heap before GC invocations=35 (full 3):
 PSYoungGen      total 668160K, used 667936K [0x00000000d6100000, 0x00000000fff00000, 0x0000000100000000)
  eden space 667648K, 100% used [0x00000000d6100000,0x00000000fed00000,0x00000000fed00000)
  from space 512K, 56% used [0x00000000fed00000,0x00000000fed48000,0x00000000fed80000)
  to   space 9216K, 0% used [0x00000000ff600000,0x00000000ff600000,0x00000000fff00000)
 ParOldGen       total 134144K, used 59059K [0x0000000082200000, 0x000000008a500000, 0x00000000d6100000)
  object space 134144K, 44% used [0x0000000082200000,0x0000000085bace98,0x000000008a500000)
 Metaspace       used 37856K, capacity 40158K, committed 40536K, reserved 1083392K
  class space    used 4725K, capacity 5708K, committed 5720K, reserved 1048576K
Event: 23.897 GC heap after
Heap after GC invocations=35 (full 3):
 PSYoungGen      total 610304K, used 9216K [0x00000000d6100000, 0x0000000100000000, 0x0000000100000000)
  eden space 601088K, 0% used [0x00000000d6100000,0x00000000d6100000,0x00000000fac00000)
  from space 9216K, 100% used [0x00000000ff600000,0x00000000fff00000,0x00000000fff00000)
  to   space 43008K, 0% used [0x00000000fac00000,0x00000000fac00000,0x00000000fd600000)
 ParOldGen       total 144896K, used 144428K [0x0000000082200000, 0x000000008af80000, 0x00000000d6100000)
  object space 144896K, 99% used [0x0000000082200000,0x000000008af0b1b8,0x000000008af80000)
 Metaspace       used 37856K, capacity 40158K, committed 40536K, reserved 1083392K
  class space    used 4725K, capacity 5708K, committed 5720K, reserved 1048576K
}
Event: 23.897 GC heap before
{Heap before GC invocations=36 (full 4):
 PSYoungGen      total 610304K, used 9216K [0x00000000d6100000, 0x0000000100000000, 0x0000000100000000)
  eden space 601088K, 0% used [0x00000000d6100000,0x00000000d6100000,0x00000000fac00000)
  from space 9216K, 100% used [0x00000000ff600000,0x00000000fff00000,0x00000000fff00000)
  to   space 43008K, 0% used [0x00000000fac00000,0x00000000fac00000,0x00000000fd600000)
 ParOldGen       total 144896K, used 144428K [0x0000000082200000, 0x000000008af80000, 0x00000000d6100000)
  object space 144896K, 99% used [0x0000000082200000,0x000000008af0b1b8,0x000000008af80000)
 Metaspace       used 37856K, capacity 40158K, committed 40536K, reserved 1083392K
  class space    used 4725K, capacity 5708K, committed 5720K, reserved 1048576K
Event: 24.236 GC heap after
Heap after GC invocations=36 (full 4):
 PSYoungGen      total 610304K, used 2963K [0x00000000d6100000, 0x0000000100000000, 0x0000000100000000)
  eden space 601088K, 0% used [0x00000000d6100000,0x00000000d6100000,0x00000000fac00000)
  from space 9216K, 32% used [0x00000000ff600000,0x00000000ff8e4dc8,0x00000000fff00000)
  to   space 43008K, 0% used [0x00000000fac00000,0x00000000fac00000,0x00000000fd600000)
 ParOldGen       total 272384K, used 144813K [0x0000000082200000, 0x0000000092c00000, 0x00000000d6100000)
  object space 272384K, 53% used [0x0000000082200000,0x000000008af6b548,0x0000000092c00000)
 Metaspace       used 37856K, capacity 40158K, committed 40536K, reserved 1083392K
  class space    used 4725K, capacity 5708K, committed 5720K, reserved 1048576K
}
Event: 28.566 GC heap before
{Heap before GC invocations=37 (full 4):
 PSYoungGen      total 610304K, used 604051K [0x00000000d6100000, 0x0000000100000000, 0x0000000100000000)
  eden space 601088K, 100% used [0x00000000d6100000,0x00000000fac00000,0x00000000fac00000)
  from space 9216K, 32% used [0x00000000ff600000,0x00000000ff8e4dc8,0x00000000fff00000)
  to   space 43008K, 0% used [0x00000000fac00000,0x00000000fac00000,0x00000000fd600000)
 ParOldGen       total 272384K, used 144813K [0x0000000082200000, 0x0000000092c00000, 0x00000000d6100000)
  object space 272384K, 53% used [0x0000000082200000,0x000000008af6b548,0x0000000092c00000)
 Metaspace       used 45657K, capacity 48176K, committed 48600K, reserved 1091584K
  class space    used 5755K, capacity 6783K, committed 6872K, reserved 1048576K
Event: 28.665 GC heap after
Heap after GC invocations=37 (full 4):
 PSYoungGen      total 634368K, used 32845K [0x00000000d6100000, 0x0000000100000000, 0x0000000100000000)
  eden space 601088K, 0% used [0x00000000d6100000,0x00000000d6100000,0x00000000fac00000)
  from space 33280K, 98% used [0x00000000fac00000,0x00000000fcc13630,0x00000000fcc80000)
  to   space 47616K, 0% used [0x00000000fd180000,0x00000000fd180000,0x0000000100000000)
 ParOldGen       total 272384K, used 147928K [0x0000000082200000, 0x0000000092c00000, 0x00000000d6100000)
  object space 272384K, 54% used [0x0000000082200000,0x000000008b276350,0x0000000092c00000)
 Metaspace       used 45657K, capacity 48176K, committed 48600K, reserved 1091584K
  class space    used 5755K, capacity 6783K, committed 6872K, reserved 1048576K
}

Deoptimization events (10 events):
Event: 76.729 Thread 0x0000000019c25800 Uncommon trap: reason=class_check action=maybe_recompile pc=0x000000000367293c method=java.io.DataInputStream.readFully([BII)V @ 34
Event: 76.729 Thread 0x0000000019c25800 Uncommon trap: reason=class_check action=maybe_recompile pc=0x000000000367293c method=java.io.DataInputStream.readFully([BII)V @ 34
Event: 76.729 Thread 0x0000000019c25800 Uncommon trap: reason=class_check action=maybe_recompile pc=0x000000000367293c method=java.io.DataInputStream.readFully([BII)V @ 34
Event: 76.730 Thread 0x0000000019c25800 Uncommon trap: reason=class_check action=maybe_recompile pc=0x0000000003a4ae90 method=sun.font.AttributeValues.merge(Ljava/util/Map;I)Lsun/font/AttributeValues; @ 1
Event: 76.739 Thread 0x0000000019c25800 Uncommon trap: reason=unstable_if action=reinterpret pc=0x000000000386c280 method=sun.font.CMap.getControlCodeGlyph(IZ)I @ 50
Event: 76.740 Thread 0x0000000019c25800 Uncommon trap: reason=class_check action=maybe_recompile pc=0x00000000049bc574 method=sun.dc.DuctusRenderingEngine.feedConsumer(Ljava/awt/geom/PathIterator;Lsun/dc/path/PathConsumer;ZF)V @ 530
Event: 76.822 Thread 0x0000000019c25800 Uncommon trap: reason=class_check action=maybe_recompile pc=0x0000000003a4ae90 method=sun.font.AttributeValues.merge(Ljava/util/Map;I)Lsun/font/AttributeValues; @ 1
Event: 76.822 Thread 0x0000000019c25800 Uncommon trap: reason=class_check action=maybe_recompile pc=0x0000000003a4ae90 method=sun.font.AttributeValues.merge(Ljava/util/Map;I)Lsun/font/AttributeValues; @ 1
Event: 76.823 Thread 0x0000000019c25800 Uncommon trap: reason=unstable_if action=reinterpret pc=0x00000000048d2aa4 method=sun.font.CMap.getControlCodeGlyph(IZ)I @ 50
Event: 76.823 Thread 0x0000000019c25800 Uncommon trap: reason=class_check action=maybe_recompile pc=0x00000000049bc574 method=sun.dc.DuctusRenderingEngine.feedConsumer(Ljava/awt/geom/PathIterator;Lsun/dc/path/PathConsumer;ZF)V @ 530

Internal exceptions (10 events):
Event: 27.953 Thread 0x0000000019c25800 Exception <a 'java/io/IOException'> (0x00000000f98254d0) thrown at [C:\re\workspace\8-2-build-windows-amd64-cygwin\jdk8u101\7261\hotspot\src\share\vm\prims\jni.cpp, line 709]
Event: 28.041 Thread 0x0000000019c25800 Exception <a 'java/io/IOException'> (0x00000000f992d538) thrown at [C:\re\workspace\8-2-build-windows-amd64-cygwin\jdk8u101\7261\hotspot\src\share\vm\prims\jni.cpp, line 709]
Event: 28.041 Thread 0x0000000019c25800 Exception <a 'java/io/IOException'> (0x00000000f992d9a8) thrown at [C:\re\workspace\8-2-build-windows-amd64-cygwin\jdk8u101\7261\hotspot\src\share\vm\prims\jni.cpp, line 709]
Event: 28.043 Thread 0x0000000019c25800 Exception <a 'java/io/IOException'> (0x00000000f994aef8) thrown at [C:\re\workspace\8-2-build-windows-amd64-cygwin\jdk8u101\7261\hotspot\src\share\vm\prims\jni.cpp, line 709]
Event: 28.043 Thread 0x0000000019c25800 Exception <a 'java/io/IOException'> (0x00000000f994b368) thrown at [C:\re\workspace\8-2-build-windows-amd64-cygwin\jdk8u101\7261\hotspot\src\share\vm\prims\jni.cpp, line 709]
Event: 28.430 Thread 0x0000000019c25800 Exception <a 'java/io/FileNotFoundException'> (0x00000000fa2232c8) thrown at [C:\re\workspace\8-2-build-windows-amd64-cygwin\jdk8u101\7261\hotspot\src\share\vm\prims\jni.cpp, line 709]
Event: 29.078 Thread 0x0000000019c25800 Exception <a 'java/io/IOException'> (0x00000000df8f4ed0) thrown at [C:\re\workspace\8-2-build-windows-amd64-cygwin\jdk8u101\7261\hotspot\src\share\vm\prims\jni.cpp, line 709]
Event: 29.078 Thread 0x0000000019c25800 Exception <a 'java/io/IOException'> (0x00000000df8f5340) thrown at [C:\re\workspace\8-2-build-windows-amd64-cygwin\jdk8u101\7261\hotspot\src\share\vm\prims\jni.cpp, line 709]
Event: 29.116 Thread 0x0000000019c25800 Implicit null exception at 0x00000000042d14ce to 0x00000000042d1ac1
Event: 76.723 Thread 0x0000000019c25800 Implicit null exception at 0x0000000003f429f5 to 0x0000000003f42e49

Events (10 events):
Event: 76.822 Thread 0x0000000019c25800 DEOPT UNPACKING pc=0x000000000318582a sp=0x00000000244ea040 mode 2
Event: 76.822 Thread 0x0000000019c25800 Uncommon trap: trap_request=0xffffffde fr.pc=0x0000000003a4ae90
Event: 76.822 Thread 0x0000000019c25800 DEOPT PACKING pc=0x0000000003a4ae90 sp=0x00000000244e9fb0
Event: 76.822 Thread 0x0000000019c25800 DEOPT UNPACKING pc=0x000000000318582a sp=0x00000000244e9fd0 mode 2
Event: 76.823 Thread 0x0000000019c25800 Uncommon trap: trap_request=0xffffff65 fr.pc=0x00000000048d2aa4
Event: 76.823 Thread 0x0000000019c25800 DEOPT PACKING pc=0x00000000048d2aa4 sp=0x00000000244e8e70
Event: 76.823 Thread 0x0000000019c25800 DEOPT UNPACKING pc=0x000000000318582a sp=0x00000000244e8d80 mode 2
Event: 76.823 Thread 0x0000000019c25800 Uncommon trap: trap_request=0xffffffde fr.pc=0x00000000049bc574
Event: 76.823 Thread 0x0000000019c25800 DEOPT PACKING pc=0x00000000049bc574 sp=0x00000000244e9cf0
Event: 76.823 Thread 0x0000000019c25800 DEOPT UNPACKING pc=0x000000000318582a sp=0x00000000244e9c40 mode 2


Dynamic libraries:
0x00007ff702260000 - 0x00007ff702297000 	C:\Program Files\Java\jre1.8.0_101\bin\javaw.exe
0x00007ffe985e0000 - 0x00007ffe987d0000 	C:\WINDOWS\SYSTEM32\ntdll.dll
0x00007ffe984e0000 - 0x00007ffe98592000 	C:\WINDOWS\System32\KERNEL32.DLL
0x00007ffe95580000 - 0x00007ffe95824000 	C:\WINDOWS\System32\KERNELBASE.dll
0x00007ffe975f0000 - 0x00007ffe97693000 	C:\WINDOWS\System32\ADVAPI32.dll
0x00007ffe976a0000 - 0x00007ffe9773e000 	C:\WINDOWS\System32\msvcrt.dll
0x00007ffe97450000 - 0x00007ffe974e7000 	C:\WINDOWS\System32\sechost.dll
0x00007ffe96700000 - 0x00007ffe96820000 	C:\WINDOWS\System32\RPCRT4.dll
0x00007ffe97c50000 - 0x00007ffe97de4000 	C:\WINDOWS\System32\USER32.dll
0x00007ffe96510000 - 0x00007ffe96531000 	C:\WINDOWS\System32\win32u.dll
0x00007ffe97ae0000 - 0x00007ffe97b06000 	C:\WINDOWS\System32\GDI32.dll
0x00007ffe95be0000 - 0x00007ffe95d76000 	C:\WINDOWS\System32\gdi32full.dll
0x00007ffe95890000 - 0x00007ffe9592e000 	C:\WINDOWS\System32\msvcp_win.dll
0x00007ffe96540000 - 0x00007ffe9663a000 	C:\WINDOWS\System32\ucrtbase.dll
0x00007ffe844b0000 - 0x00007ffe84734000 	C:\WINDOWS\WinSxS\amd64_microsoft.windows.common-controls_6595b64144ccf1df_6.0.18362.959_none_e6c7bbbf130c62bb\COMCTL32.dll
0x00007ffe97740000 - 0x00007ffe97a75000 	C:\WINDOWS\System32\combase.dll
0x00007ffe95b60000 - 0x00007ffe95be0000 	C:\WINDOWS\System32\bcryptPrimitives.dll
0x00007ffe97420000 - 0x00007ffe9744e000 	C:\WINDOWS\System32\IMM32.DLL
0x000000006ee10000 - 0x000000006eee2000 	C:\Program Files\Java\jre1.8.0_101\bin\msvcr100.dll
0x000000006e570000 - 0x000000006ee0a000 	C:\Program Files\Java\jre1.8.0_101\bin\server\jvm.dll
0x00007ffe975e0000 - 0x00007ffe975e8000 	C:\WINDOWS\System32\PSAPI.DLL
0x00007ffe80b40000 - 0x00007ffe80b49000 	C:\WINDOWS\SYSTEM32\WSOCK32.dll
0x00007ffe973b0000 - 0x00007ffe9741f000 	C:\WINDOWS\System32\WS2_32.dll
0x00007ffe8d1b0000 - 0x00007ffe8d1ba000 	C:\WINDOWS\SYSTEM32\VERSION.dll
0x00007ffe8d1f0000 - 0x00007ffe8d214000 	C:\WINDOWS\SYSTEM32\WINMM.dll
0x00007ffe8d1c0000 - 0x00007ffe8d1ed000 	C:\WINDOWS\SYSTEM32\WINMMBASE.dll
0x00007ffe96640000 - 0x00007ffe9668a000 	C:\WINDOWS\System32\cfgmgr32.dll
0x000000006e560000 - 0x000000006e56f000 	C:\Program Files\Java\jre1.8.0_101\bin\verify.dll
0x000000006e530000 - 0x000000006e559000 	C:\Program Files\Java\jre1.8.0_101\bin\java.dll
0x000000006e510000 - 0x000000006e526000 	C:\Program Files\Java\jre1.8.0_101\bin\zip.dll
0x00007ffe97df0000 - 0x00007ffe984d6000 	C:\WINDOWS\System32\SHELL32.dll
0x00007ffe97180000 - 0x00007ffe97229000 	C:\WINDOWS\System32\shcore.dll
0x00007ffe95d80000 - 0x00007ffe96502000 	C:\WINDOWS\System32\windows.storage.dll
0x00007ffe954e0000 - 0x00007ffe95503000 	C:\WINDOWS\System32\profapi.dll
0x00007ffe95510000 - 0x00007ffe9555a000 	C:\WINDOWS\System32\powrprof.dll
0x00007ffe95490000 - 0x00007ffe954a0000 	C:\WINDOWS\System32\UMPDC.dll
0x00007ffe97a80000 - 0x00007ffe97ad2000 	C:\WINDOWS\System32\shlwapi.dll
0x00007ffe954a0000 - 0x00007ffe954b1000 	C:\WINDOWS\System32\kernel.appcore.dll
0x00007ffe95560000 - 0x00007ffe95577000 	C:\WINDOWS\System32\cryptsp.dll
0x000000006e370000 - 0x000000006e508000 	C:\Program Files\Java\jre1.8.0_101\bin\awt.dll
0x00007ffe97510000 - 0x00007ffe975d5000 	C:\WINDOWS\System32\OLEAUT32.dll
0x00007ffe92c30000 - 0x00007ffe92cbf000 	C:\WINDOWS\SYSTEM32\apphelp.dll
0x00007ffe93880000 - 0x00007ffe938ad000 	C:\WINDOWS\system32\DWMAPI.DLL
0x00007ffe930c0000 - 0x00007ffe93159000 	C:\WINDOWS\system32\uxtheme.dll
0x00007ffe97b10000 - 0x00007ffe97c45000 	C:\WINDOWS\System32\MSCTF.dll
0x00007ffe97230000 - 0x00007ffe97387000 	C:\WINDOWS\System32\ole32.dll
0x00007ffe8a5c0000 - 0x00007ffe8a787000 	C:\WINDOWS\system32\d3d9.dll
0x00007ffe940e0000 - 0x00007ffe94100000 	C:\WINDOWS\SYSTEM32\dxcore.dll
0x00007ffe1c7d0000 - 0x00007ffe20029000 	C:\WINDOWS\System32\DriverStore\FileRepository\ki124014.inf_amd64_2a9c1703ea940708\igdumdim64.dll
0x00007ffe96b20000 - 0x00007ffe96f90000 	C:\WINDOWS\System32\SETUPAPI.dll
0x00007ffe95a80000 - 0x00007ffe95aa6000 	C:\WINDOWS\System32\bcrypt.dll
0x00007ffe86b70000 - 0x00007ffe86c5b000 	C:\WINDOWS\System32\DriverStore\FileRepository\nvhm.inf_amd64_9172c4e962e5b3ee\nvldumdx.dll
0x00007ffe95930000 - 0x00007ffe95a79000 	C:\WINDOWS\System32\crypt32.dll
0x00007ffe954c0000 - 0x00007ffe954d2000 	C:\WINDOWS\System32\MSASN1.dll
0x00007ffe95830000 - 0x00007ffe9588c000 	C:\WINDOWS\System32\WINTRUST.DLL
0x00007ffe974f0000 - 0x00007ffe9750d000 	C:\WINDOWS\System32\imagehlp.dll
0x00007ffe94870000 - 0x00007ffe948a3000 	C:\WINDOWS\system32\rsaenh.dll
0x00007ffe94ed0000 - 0x00007ffe94edc000 	C:\WINDOWS\SYSTEM32\CRYPTBASE.dll
0x00007ffe1b590000 - 0x00007ffe1c7c8000 	C:\WINDOWS\System32\DriverStore\FileRepository\nvhm.inf_amd64_9172c4e962e5b3ee\nvd3dumx.dll
0x00007ffe774e0000 - 0x00007ffe776b1000 	C:\WINDOWS\system32\nvspcap64.dll
0x00007ffe8d220000 - 0x00007ffe8d233000 	C:\WINDOWS\SYSTEM32\WTSAPI32.dll
0x00007ffe8b8a0000 - 0x00007ffe8b990000 	C:\WINDOWS\SYSTEM32\WINHTTP.dll
0x00007ffe8a040000 - 0x00007ffe8a510000 	C:\WINDOWS\system32\nvapi64.dll
0x00007ffe94170000 - 0x00007ffe9425b000 	C:\WINDOWS\SYSTEM32\dxgi.dll
0x00007ffe94090000 - 0x00007ffe940b2000 	C:\WINDOWS\SYSTEM32\gpapi.dll
0x00007ffe8c710000 - 0x00007ffe8c73f000 	C:\WINDOWS\SYSTEM32\cryptnet.dll
0x00007ffe953b0000 - 0x00007ffe953d5000 	C:\WINDOWS\SYSTEM32\USERENV.dll
0x000000006e350000 - 0x000000006e36a000 	C:\Program Files\Java\jre1.8.0_101\bin\net.dll
0x00007ffe94d00000 - 0x00007ffe94d67000 	C:\WINDOWS\system32\mswsock.dll
0x00007ffe94a10000 - 0x00007ffe94a4a000 	C:\WINDOWS\SYSTEM32\IPHLPAPI.DLL
0x00007ffe973a0000 - 0x00007ffe973a8000 	C:\WINDOWS\System32\NSI.dll
0x00007ffe900d0000 - 0x00007ffe900e6000 	C:\WINDOWS\SYSTEM32\dhcpcsvc6.DLL
0x00007ffe89120000 - 0x00007ffe8913c000 	C:\WINDOWS\SYSTEM32\dhcpcsvc.DLL
0x00007ffe94a50000 - 0x00007ffe94b1b000 	C:\WINDOWS\SYSTEM32\DNSAPI.dll
0x000000006e330000 - 0x000000006e341000 	C:\Program Files\Java\jre1.8.0_101\bin\nio.dll
0x000000006e2e0000 - 0x000000006e327000 	C:\Program Files\Java\jre1.8.0_101\bin\fontmanager.dll
0x000000006e290000 - 0x000000006e2d2000 	C:\Program Files\Java\jre1.8.0_101\bin\t2k.dll
0x00007ffe77e00000 - 0x00007ffe77e4b000 	C:\Program Files (x86)\Sangfor\SSL\ClientComponent\SangforNspX64.dll
0x00007ffe8ea20000 - 0x00007ffe8ea2a000 	C:\Windows\System32\rasadhlp.dll
0x000000006e280000 - 0x000000006e28d000 	C:\Program Files\Java\jre1.8.0_101\bin\management.dll
0x00007ffe77de0000 - 0x00007ffe77df6000 	C:\WINDOWS\system32\napinsp.dll
0x00007ffe77dc0000 - 0x00007ffe77dda000 	C:\WINDOWS\system32\pnrpnsp.dll
0x00007ffe77db0000 - 0x00007ffe77dbe000 	C:\WINDOWS\System32\winrnr.dll
0x00007ffe90c00000 - 0x00007ffe90c1c000 	C:\WINDOWS\system32\NLAapi.dll
0x00007ffe90f50000 - 0x00007ffe90f65000 	C:\WINDOWS\system32\wshbth.dll
0x00007ffe8b6a0000 - 0x00007ffe8b717000 	C:\WINDOWS\System32\fwpuclnt.dll
0x00007ffe87a10000 - 0x00007ffe87ab9000 	C:\WINDOWS\WinSxS\amd64_microsoft.windows.common-controls_6595b64144ccf1df_5.82.18362.959_none_2a27bd024669d2fe\comctl32.dll
0x00007ffe96f90000 - 0x00007ffe97032000 	C:\WINDOWS\System32\clbcatq.dll
0x00007ffe93340000 - 0x00007ffe93430000 	C:\WINDOWS\SYSTEM32\PROPSYS.dll
0x00007ffe83690000 - 0x00007ffe836a6000 	C:\WINDOWS\system32\NetworkExplorer.dll
0x00007ffe4d1b0000 - 0x00007ffe4d1cb000 	C:\WINDOWS\SYSTEM32\MPR.dll
0x00007ffe41600000 - 0x00007ffe4160b000 	C:\WINDOWS\System32\drprov.dll
0x00007ffe94570000 - 0x00007ffe945c6000 	C:\WINDOWS\System32\WINSTA.dll
0x00007ffe40af0000 - 0x00007ffe40b05000 	C:\WINDOWS\System32\ntlanman.dll
0x00007ffe40ad0000 - 0x00007ffe40aed000 	C:\WINDOWS\System32\davclnt.dll
0x00007ffe82890000 - 0x00007ffe8289c000 	C:\WINDOWS\System32\DAVHLPR.dll
0x00007ffe8ea30000 - 0x00007ffe8ea47000 	C:\WINDOWS\System32\wkscli.dll
0x00007ffe6c3d0000 - 0x00007ffe6c3e2000 	C:\WINDOWS\SYSTEM32\cscapi.dll
0x00007ffe94b20000 - 0x00007ffe94b2c000 	C:\WINDOWS\System32\netutils.dll
0x00007ffe83570000 - 0x00007ffe835c3000 	C:\Windows\System32\dlnashext.dll
0x00007ffe72680000 - 0x00007ffe726e4000 	C:\Windows\System32\PlayToDevice.dll
0x00007ffe92c10000 - 0x00007ffe92c30000 	C:\Windows\System32\DevDispItemProvider.dll
0x00007ffe8eab0000 - 0x00007ffe8eb22000 	C:\WINDOWS\System32\MMDevApi.dll
0x00007ffe95290000 - 0x00007ffe952ba000 	C:\WINDOWS\System32\DEVOBJ.dll
0x00007ffe35cb0000 - 0x00007ffe35d4b000 	C:\WINDOWS\system32\wpdshext.dll
0x00007ffe87860000 - 0x00007ffe87a03000 	C:\WINDOWS\WinSxS\amd64_microsoft.windows.gdiplus_6595b64144ccf1df_1.1.18362.959_none_17b2aea46d9edc89\gdiplus.dll
0x00007ffe8da10000 - 0x00007ffe8daae000 	C:\Windows\System32\PortableDeviceApi.dll
0x00007ffe3ebb0000 - 0x00007ffe3ebe7000 	C:\Windows\System32\EhStorShell.dll
0x00007ffe44a60000 - 0x00007ffe44a85000 	C:\Windows\System32\EhStorAPI.dll
0x00007ffe41610000 - 0x00007ffe4161d000 	C:\WINDOWS\SYSTEM32\LINKINFO.dll
0x00007ffe44700000 - 0x00007ffe44793000 	C:\Windows\System32\appresolver.dll
0x00007ffe48140000 - 0x00007ffe4819d000 	C:\Windows\System32\Bcp47Langs.dll
0x00007ffe94380000 - 0x00007ffe943a7000 	C:\Windows\System32\SLC.dll
0x00007ffe94350000 - 0x00007ffe94376000 	C:\Windows\System32\sppc.dll
0x000000006e240000 - 0x000000006e271000 	C:\Program Files\Java\jre1.8.0_101\bin\jpeg.dll
0x00007ffe8c560000 - 0x00007ffe8c70f000 	C:\WINDOWS\SYSTEM32\WindowsCodecs.dll
0x00007ffe43770000 - 0x00007ffe437aa000 	C:\WINDOWS\system32\dataexchange.dll
0x00007ffe91dd0000 - 0x00007ffe9202b000 	C:\WINDOWS\system32\d3d11.dll
0x00007ffe92490000 - 0x00007ffe9266d000 	C:\WINDOWS\system32\dcomp.dll
0x00007ffe93520000 - 0x00007ffe93782000 	C:\WINDOWS\system32\twinapi.appcore.dll
0x00007ffe938b0000 - 0x00007ffe938d9000 	C:\WINDOWS\system32\RMCLIENT.dll
0x00007ffe49030000 - 0x00007ffe490ce000 	C:\WINDOWS\System32\TextInputFramework.dll
0x00007ffe8fc40000 - 0x00007ffe8ff6a000 	C:\WINDOWS\System32\CoreUIComponents.dll
0x00007ffe92670000 - 0x00007ffe92744000 	C:\WINDOWS\System32\CoreMessaging.dll
0x00007ffe905b0000 - 0x00007ffe90703000 	C:\WINDOWS\SYSTEM32\wintypes.dll
0x00007ffe944d0000 - 0x00007ffe94501000 	C:\WINDOWS\SYSTEM32\ntmarta.dll
0x000000006e210000 - 0x000000006e23a000 	C:\Program Files\Java\jre1.8.0_101\bin\dcpr.dll
0x00007ffe81c30000 - 0x00007ffe81ed6000 	C:\WINDOWS\System32\iertutil.dll

VM Arguments:
java_command: com.st.microxplorer.maingui.STM32CubeMX C:\Users\70654\Desktop\pcbpindesign\pcbpindesign.ioc
java_class_path (initial): D:\Software\STM32CubeMX\STM32CubeMX.exe;anything
Launcher Type: SUN_STANDARD

Environment Variables:
USERNAME=70654
OS=Windows_NT
PROCESSOR_IDENTIFIER=Intel64 Family 6 Model 158 Stepping 9, GenuineIntel



---------------  S Y S T E M  ---------------

OS: Windows 10.0 , 64 bit Build 18362 (10.0.18362.959)

CPU:total 4 (4 cores per cpu, 1 threads per core) family 6 model 158 stepping 9, cmov, cx8, fxsr, mmx, sse, sse2, sse3, ssse3, sse4.1, sse4.2, popcnt, avx, avx2, aes, clmul, erms, 3dnowpref, lzcnt, tsc, tscinvbit, bmi1, bmi2, adx

Memory: 4k page, physical 8249200k(1513324k free), swap 14802800k(5135072k free)

vm_info: Java HotSpot(TM) 64-Bit Server VM (25.101-b13) for windows-amd64 JRE (1.8.0_101-b13), built on Jun 22 2016 01:21:29 by "java_re" with MS VC++ 10.0 (VS2010)

time: Fri Jul 31 16:27:28 2020
elapsed time: 77 seconds (0d 0h 1m 17s)

